2023-03-28 12:51:08 INFO  eBanking:19 - Url is opened
2023-03-28 12:51:08 INFO  eBanking:22 - Enter username
2023-03-28 12:51:08 INFO  eBanking:25 - Enter password
2023-03-28 12:51:10 INFO  eBanking:31 - Login test passed
2023-03-28 12:52:26 INFO  eBanking:19 - Url is opened
2023-03-28 12:52:26 INFO  eBanking:22 - Enter username
2023-03-28 12:52:26 INFO  eBanking:25 - Enter password
2023-03-28 12:52:28 INFO  eBanking:31 - Login test passed
2023-03-28 12:53:50 INFO  eBanking:19 - Url is opened
2023-03-28 12:53:50 INFO  eBanking:22 - Enter username
2023-03-28 12:53:50 INFO  eBanking:25 - Enter password
2023-03-28 12:53:51 INFO  eBanking:31 - Login test passed
2023-03-28 13:37:25 INFO  eBanking:18 - Url is opened
2023-03-28 13:37:25 INFO  eBanking:21 - Enter username
2023-03-28 13:37:26 INFO  eBanking:24 - Enter password
2023-03-28 13:37:28 INFO  eBanking:30 - Login test passed
2023-03-28 14:22:22 INFO  eBanking:18 - Url is opened
2023-03-28 14:22:37 INFO  eBanking:18 - Url is opened
2023-03-28 14:22:37 INFO  eBanking:21 - Enter username
2023-03-28 14:22:37 INFO  eBanking:24 - Enter password
2023-03-28 14:22:38 INFO  eBanking:30 - Login test passed
2023-03-28 14:58:53 DEBUG InternalLoggerFactory:89 - Using Log4J as the default logging framework
2023-03-28 14:58:53 DEBUG ResourceLeakDetector:129 - -Dio.netty.leakDetection.level: simple
2023-03-28 14:58:53 DEBUG ResourceLeakDetector:130 - -Dio.netty.leakDetection.targetRecords: 4
2023-03-28 14:58:53 DEBUG ResourceLeakDetectorFactory:196 - Loaded default ResourceLeakDetector: io.netty.util.ResourceLeakDetector@1b2c4efb
2023-03-28 14:58:53 DEBUG PlatformDependent0:496 - -Dio.netty.noUnsafe: false
2023-03-28 14:58:53 DEBUG PlatformDependent0:1000 - Java version: 17
2023-03-28 14:58:53 DEBUG PlatformDependent0:137 - sun.misc.Unsafe.theUnsafe: available
2023-03-28 14:58:53 DEBUG PlatformDependent0:161 - sun.misc.Unsafe.copyMemory: available
2023-03-28 14:58:53 DEBUG PlatformDependent0:193 - sun.misc.Unsafe.storeFence: available
2023-03-28 14:58:53 DEBUG PlatformDependent0:236 - java.nio.Buffer.address: available
2023-03-28 14:58:53 DEBUG PlatformDependent0:320 - direct buffer constructor: unavailable: Reflective setAccessible(true) disabled
2023-03-28 14:58:53 DEBUG PlatformDependent0:385 - java.nio.Bits.unaligned: available, true
2023-03-28 14:58:53 DEBUG PlatformDependent0:452 - jdk.internal.misc.Unsafe.allocateUninitializedArray(int): unavailable: class io.netty.util.internal.PlatformDependent0$7 cannot access class jdk.internal.misc.Unsafe (in module java.base) because module java.base does not export jdk.internal.misc to unnamed module @589838eb
2023-03-28 14:58:53 DEBUG PlatformDependent0:482 - java.nio.DirectByteBuffer.<init>(long, int): unavailable
2023-03-28 14:58:53 DEBUG PlatformDependent:1159 - sun.misc.Unsafe: available
2023-03-28 14:58:53 DEBUG PlatformDependent:1270 - maxDirectMemory: 4007657472 bytes (maybe)
2023-03-28 14:58:53 DEBUG PlatformDependent:1289 - -Dio.netty.tmpdir: C:\Users\thanh\AppData\Local\Temp (java.io.tmpdir)
2023-03-28 14:58:53 DEBUG PlatformDependent:1368 - -Dio.netty.bitMode: 64 (sun.arch.data.model)
2023-03-28 14:58:53 DEBUG PlatformDependent:1119 - Platform: Windows
2023-03-28 14:58:53 DEBUG PlatformDependent:178 - -Dio.netty.maxDirectMemory: -1 bytes
2023-03-28 14:58:53 DEBUG PlatformDependent:185 - -Dio.netty.uninitializedArrayAllocationThreshold: -1
2023-03-28 14:58:53 DEBUG CleanerJava9:71 - java.nio.ByteBuffer.cleaner(): available
2023-03-28 14:58:53 DEBUG PlatformDependent:205 - -Dio.netty.noPreferDirect: false
2023-03-28 14:58:53 DEBUG PlatformDependent:1010 - org.jctools-core.MpscChunkedArrayQueue: available
2023-03-28 14:58:53 DEBUG InternalThreadLocalMap:100 - -Dio.netty.threadLocalMap.stringBuilder.initialSize: 1024
2023-03-28 14:58:53 DEBUG InternalThreadLocalMap:101 - -Dio.netty.threadLocalMap.stringBuilder.maxSize: 4096
2023-03-28 14:58:53 DEBUG JdkSslContext:83 - Default protocols (JDK): [TLSv1.3, TLSv1.2] 
2023-03-28 14:58:53 DEBUG JdkSslContext:84 - Default cipher suites (JDK): [TLS_ECDHE_ECDSA_WITH_AES_256_GCM_SHA384, TLS_ECDHE_ECDSA_WITH_AES_128_GCM_SHA256, TLS_ECDHE_RSA_WITH_AES_128_GCM_SHA256, TLS_ECDHE_RSA_WITH_AES_256_GCM_SHA384, TLS_ECDHE_RSA_WITH_AES_128_CBC_SHA, TLS_ECDHE_RSA_WITH_AES_256_CBC_SHA, TLS_RSA_WITH_AES_128_GCM_SHA256, TLS_RSA_WITH_AES_128_CBC_SHA, TLS_RSA_WITH_AES_256_CBC_SHA, TLS_AES_128_GCM_SHA256, TLS_AES_256_GCM_SHA384]
2023-03-28 14:58:53 DEBUG GlobalEventExecutor:53 - -Dio.netty.globalEventExecutor.quietPeriodSeconds: 1
2023-03-28 14:58:53 DEBUG MultithreadEventLoopGroup:44 - -Dio.netty.eventLoopThreads: 16
2023-03-28 14:58:53 DEBUG NioEventLoop:110 - -Dio.netty.noKeySetOptimization: false
2023-03-28 14:58:53 DEBUG NioEventLoop:111 - -Dio.netty.selectorAutoRebuildThreshold: 512
2023-03-28 14:58:53 DEBUG PooledByteBufAllocator:157 - -Dio.netty.allocator.numHeapArenas: 16
2023-03-28 14:58:53 DEBUG PooledByteBufAllocator:158 - -Dio.netty.allocator.numDirectArenas: 16
2023-03-28 14:58:53 DEBUG PooledByteBufAllocator:160 - -Dio.netty.allocator.pageSize: 8192
2023-03-28 14:58:53 DEBUG PooledByteBufAllocator:165 - -Dio.netty.allocator.maxOrder: 9
2023-03-28 14:58:53 DEBUG PooledByteBufAllocator:169 - -Dio.netty.allocator.chunkSize: 4194304
2023-03-28 14:58:53 DEBUG PooledByteBufAllocator:170 - -Dio.netty.allocator.smallCacheSize: 256
2023-03-28 14:58:53 DEBUG PooledByteBufAllocator:171 - -Dio.netty.allocator.normalCacheSize: 64
2023-03-28 14:58:53 DEBUG PooledByteBufAllocator:172 - -Dio.netty.allocator.maxCachedBufferCapacity: 32768
2023-03-28 14:58:53 DEBUG PooledByteBufAllocator:173 - -Dio.netty.allocator.cacheTrimInterval: 8192
2023-03-28 14:58:53 DEBUG PooledByteBufAllocator:174 - -Dio.netty.allocator.cacheTrimIntervalMillis: 0
2023-03-28 14:58:53 DEBUG PooledByteBufAllocator:175 - -Dio.netty.allocator.useCacheForAllThreads: false
2023-03-28 14:58:53 DEBUG PooledByteBufAllocator:176 - -Dio.netty.allocator.maxCachedByteBuffersPerChunk: 1023
2023-03-28 14:58:53 DEBUG ByteBufUtil:88 - -Dio.netty.allocator.type: pooled
2023-03-28 14:58:53 DEBUG ByteBufUtil:97 - -Dio.netty.threadLocalDirectBufferSize: 0
2023-03-28 14:58:53 DEBUG ByteBufUtil:100 - -Dio.netty.maxThreadLocalCharBufferSize: 16384
2023-03-28 14:58:53 DEBUG DefaultChannelId:79 - -Dio.netty.processId: 12468 (auto-detected)
2023-03-28 14:58:53 DEBUG NetUtil:142 - -Djava.net.preferIPv4Stack: false
2023-03-28 14:58:53 DEBUG NetUtil:143 - -Djava.net.preferIPv6Addresses: false
2023-03-28 14:58:53 DEBUG NetUtilInitializations:145 - Loopback interface: lo (Software Loopback Interface 1, 127.0.0.1)
2023-03-28 14:58:53 DEBUG NetUtil:200 - Failed to get SOMAXCONN from sysctl and file \proc\sys\net\core\somaxconn. Default: 200
2023-03-28 14:58:53 DEBUG DefaultChannelId:101 - -Dio.netty.machineId: 70:85:c2:ff:fe:a0:ed:d9 (auto-detected)
2023-03-28 14:58:53 DEBUG AbstractByteBuf:63 - -Dio.netty.buffer.checkAccessible: true
2023-03-28 14:58:53 DEBUG AbstractByteBuf:64 - -Dio.netty.buffer.checkBounds: true
2023-03-28 14:58:53 DEBUG ResourceLeakDetectorFactory:196 - Loaded default ResourceLeakDetector: io.netty.util.ResourceLeakDetector@5c45945
2023-03-28 14:58:53 DEBUG Recycler:96 - -Dio.netty.recycler.maxCapacityPerThread: 4096
2023-03-28 14:58:53 DEBUG Recycler:97 - -Dio.netty.recycler.ratio: 8
2023-03-28 14:58:53 DEBUG Recycler:98 - -Dio.netty.recycler.chunkSize: 32
2023-03-28 14:58:53 DEBUG Recycler:99 - -Dio.netty.recycler.blocking: false
2023-03-28 14:58:53 DEBUG Recycler:100 - -Dio.netty.recycler.batchFastThreadLocalOnly: true
2023-03-28 14:58:54 DEBUG Brotli:38 - brotli4j not in the classpath; Brotli support will be unavailable.
2023-03-28 14:58:54 DEBUG ThreadLocalRandom:214 - -Dio.netty.initialSeedUniquifier: 0x922dbee20c1e4bca
2023-03-28 14:58:59 INFO  eBanking:18 - Url is opened
2023-03-28 14:58:59 INFO  eBanking:21 - Enter username
2023-03-28 14:58:59 INFO  eBanking:24 - Enter password
2023-03-28 14:59:01 INFO  eBanking:30 - Login test passed
2023-03-28 14:59:49 DEBUG InternalLoggerFactory:89 - Using Log4J as the default logging framework
2023-03-28 14:59:49 DEBUG ResourceLeakDetector:129 - -Dio.netty.leakDetection.level: simple
2023-03-28 14:59:49 DEBUG ResourceLeakDetector:130 - -Dio.netty.leakDetection.targetRecords: 4
2023-03-28 14:59:49 DEBUG ResourceLeakDetectorFactory:196 - Loaded default ResourceLeakDetector: io.netty.util.ResourceLeakDetector@1b2c4efb
2023-03-28 14:59:49 DEBUG PlatformDependent0:496 - -Dio.netty.noUnsafe: false
2023-03-28 14:59:49 DEBUG PlatformDependent0:1000 - Java version: 17
2023-03-28 14:59:49 DEBUG PlatformDependent0:137 - sun.misc.Unsafe.theUnsafe: available
2023-03-28 14:59:49 DEBUG PlatformDependent0:161 - sun.misc.Unsafe.copyMemory: available
2023-03-28 14:59:49 DEBUG PlatformDependent0:193 - sun.misc.Unsafe.storeFence: available
2023-03-28 14:59:49 DEBUG PlatformDependent0:236 - java.nio.Buffer.address: available
2023-03-28 14:59:49 DEBUG PlatformDependent0:320 - direct buffer constructor: unavailable: Reflective setAccessible(true) disabled
2023-03-28 14:59:49 DEBUG PlatformDependent0:385 - java.nio.Bits.unaligned: available, true
2023-03-28 14:59:49 DEBUG PlatformDependent0:452 - jdk.internal.misc.Unsafe.allocateUninitializedArray(int): unavailable: class io.netty.util.internal.PlatformDependent0$7 cannot access class jdk.internal.misc.Unsafe (in module java.base) because module java.base does not export jdk.internal.misc to unnamed module @589838eb
2023-03-28 14:59:49 DEBUG PlatformDependent0:482 - java.nio.DirectByteBuffer.<init>(long, int): unavailable
2023-03-28 14:59:49 DEBUG PlatformDependent:1159 - sun.misc.Unsafe: available
2023-03-28 14:59:49 DEBUG PlatformDependent:1270 - maxDirectMemory: 4007657472 bytes (maybe)
2023-03-28 14:59:49 DEBUG PlatformDependent:1289 - -Dio.netty.tmpdir: C:\Users\thanh\AppData\Local\Temp (java.io.tmpdir)
2023-03-28 14:59:49 DEBUG PlatformDependent:1368 - -Dio.netty.bitMode: 64 (sun.arch.data.model)
2023-03-28 14:59:49 DEBUG PlatformDependent:1119 - Platform: Windows
2023-03-28 14:59:49 DEBUG PlatformDependent:178 - -Dio.netty.maxDirectMemory: -1 bytes
2023-03-28 14:59:49 DEBUG PlatformDependent:185 - -Dio.netty.uninitializedArrayAllocationThreshold: -1
2023-03-28 14:59:49 DEBUG CleanerJava9:71 - java.nio.ByteBuffer.cleaner(): available
2023-03-28 14:59:49 DEBUG PlatformDependent:205 - -Dio.netty.noPreferDirect: false
2023-03-28 14:59:49 DEBUG PlatformDependent:1010 - org.jctools-core.MpscChunkedArrayQueue: available
2023-03-28 14:59:49 DEBUG InternalThreadLocalMap:100 - -Dio.netty.threadLocalMap.stringBuilder.initialSize: 1024
2023-03-28 14:59:49 DEBUG InternalThreadLocalMap:101 - -Dio.netty.threadLocalMap.stringBuilder.maxSize: 4096
2023-03-28 14:59:49 DEBUG JdkSslContext:83 - Default protocols (JDK): [TLSv1.3, TLSv1.2] 
2023-03-28 14:59:49 DEBUG JdkSslContext:84 - Default cipher suites (JDK): [TLS_ECDHE_ECDSA_WITH_AES_256_GCM_SHA384, TLS_ECDHE_ECDSA_WITH_AES_128_GCM_SHA256, TLS_ECDHE_RSA_WITH_AES_128_GCM_SHA256, TLS_ECDHE_RSA_WITH_AES_256_GCM_SHA384, TLS_ECDHE_RSA_WITH_AES_128_CBC_SHA, TLS_ECDHE_RSA_WITH_AES_256_CBC_SHA, TLS_RSA_WITH_AES_128_GCM_SHA256, TLS_RSA_WITH_AES_128_CBC_SHA, TLS_RSA_WITH_AES_256_CBC_SHA, TLS_AES_128_GCM_SHA256, TLS_AES_256_GCM_SHA384]
2023-03-28 14:59:49 DEBUG GlobalEventExecutor:53 - -Dio.netty.globalEventExecutor.quietPeriodSeconds: 1
2023-03-28 14:59:49 DEBUG MultithreadEventLoopGroup:44 - -Dio.netty.eventLoopThreads: 16
2023-03-28 14:59:49 DEBUG NioEventLoop:110 - -Dio.netty.noKeySetOptimization: false
2023-03-28 14:59:49 DEBUG NioEventLoop:111 - -Dio.netty.selectorAutoRebuildThreshold: 512
2023-03-28 14:59:49 DEBUG PooledByteBufAllocator:157 - -Dio.netty.allocator.numHeapArenas: 16
2023-03-28 14:59:49 DEBUG PooledByteBufAllocator:158 - -Dio.netty.allocator.numDirectArenas: 16
2023-03-28 14:59:49 DEBUG PooledByteBufAllocator:160 - -Dio.netty.allocator.pageSize: 8192
2023-03-28 14:59:49 DEBUG PooledByteBufAllocator:165 - -Dio.netty.allocator.maxOrder: 9
2023-03-28 14:59:49 DEBUG PooledByteBufAllocator:169 - -Dio.netty.allocator.chunkSize: 4194304
2023-03-28 14:59:49 DEBUG PooledByteBufAllocator:170 - -Dio.netty.allocator.smallCacheSize: 256
2023-03-28 14:59:49 DEBUG PooledByteBufAllocator:171 - -Dio.netty.allocator.normalCacheSize: 64
2023-03-28 14:59:49 DEBUG PooledByteBufAllocator:172 - -Dio.netty.allocator.maxCachedBufferCapacity: 32768
2023-03-28 14:59:49 DEBUG PooledByteBufAllocator:173 - -Dio.netty.allocator.cacheTrimInterval: 8192
2023-03-28 14:59:49 DEBUG PooledByteBufAllocator:174 - -Dio.netty.allocator.cacheTrimIntervalMillis: 0
2023-03-28 14:59:49 DEBUG PooledByteBufAllocator:175 - -Dio.netty.allocator.useCacheForAllThreads: false
2023-03-28 14:59:49 DEBUG PooledByteBufAllocator:176 - -Dio.netty.allocator.maxCachedByteBuffersPerChunk: 1023
2023-03-28 14:59:49 DEBUG ByteBufUtil:88 - -Dio.netty.allocator.type: pooled
2023-03-28 14:59:49 DEBUG ByteBufUtil:97 - -Dio.netty.threadLocalDirectBufferSize: 0
2023-03-28 14:59:49 DEBUG ByteBufUtil:100 - -Dio.netty.maxThreadLocalCharBufferSize: 16384
2023-03-28 14:59:49 DEBUG DefaultChannelId:79 - -Dio.netty.processId: 16380 (auto-detected)
2023-03-28 14:59:49 DEBUG NetUtil:142 - -Djava.net.preferIPv4Stack: false
2023-03-28 14:59:49 DEBUG NetUtil:143 - -Djava.net.preferIPv6Addresses: false
2023-03-28 14:59:49 DEBUG NetUtilInitializations:145 - Loopback interface: lo (Software Loopback Interface 1, 127.0.0.1)
2023-03-28 14:59:49 DEBUG NetUtil:200 - Failed to get SOMAXCONN from sysctl and file \proc\sys\net\core\somaxconn. Default: 200
2023-03-28 14:59:49 DEBUG DefaultChannelId:101 - -Dio.netty.machineId: 70:85:c2:ff:fe:a0:ed:d9 (auto-detected)
2023-03-28 14:59:50 DEBUG AbstractByteBuf:63 - -Dio.netty.buffer.checkAccessible: true
2023-03-28 14:59:50 DEBUG AbstractByteBuf:64 - -Dio.netty.buffer.checkBounds: true
2023-03-28 14:59:50 DEBUG ResourceLeakDetectorFactory:196 - Loaded default ResourceLeakDetector: io.netty.util.ResourceLeakDetector@6550d319
2023-03-28 14:59:50 DEBUG Recycler:96 - -Dio.netty.recycler.maxCapacityPerThread: 4096
2023-03-28 14:59:50 DEBUG Recycler:97 - -Dio.netty.recycler.ratio: 8
2023-03-28 14:59:50 DEBUG Recycler:98 - -Dio.netty.recycler.chunkSize: 32
2023-03-28 14:59:50 DEBUG Recycler:99 - -Dio.netty.recycler.blocking: false
2023-03-28 14:59:50 DEBUG Recycler:100 - -Dio.netty.recycler.batchFastThreadLocalOnly: true
2023-03-28 14:59:50 DEBUG Brotli:38 - brotli4j not in the classpath; Brotli support will be unavailable.
2023-03-28 14:59:50 DEBUG ThreadLocalRandom:214 - -Dio.netty.initialSeedUniquifier: 0xb7026f166ebafc63
2023-03-28 15:00:11 INFO  eBanking:18 - Url is opened
2023-03-28 15:04:15 DEBUG InternalLoggerFactory:89 - Using Log4J as the default logging framework
2023-03-28 15:04:15 DEBUG ResourceLeakDetector:129 - -Dio.netty.leakDetection.level: simple
2023-03-28 15:04:15 DEBUG ResourceLeakDetector:130 - -Dio.netty.leakDetection.targetRecords: 4
2023-03-28 15:04:15 DEBUG ResourceLeakDetectorFactory:196 - Loaded default ResourceLeakDetector: io.netty.util.ResourceLeakDetector@1b2c4efb
2023-03-28 15:04:15 DEBUG PlatformDependent0:496 - -Dio.netty.noUnsafe: false
2023-03-28 15:04:15 DEBUG PlatformDependent0:1000 - Java version: 17
2023-03-28 15:04:15 DEBUG PlatformDependent0:137 - sun.misc.Unsafe.theUnsafe: available
2023-03-28 15:04:15 DEBUG PlatformDependent0:161 - sun.misc.Unsafe.copyMemory: available
2023-03-28 15:04:15 DEBUG PlatformDependent0:193 - sun.misc.Unsafe.storeFence: available
2023-03-28 15:04:15 DEBUG PlatformDependent0:236 - java.nio.Buffer.address: available
2023-03-28 15:04:15 DEBUG PlatformDependent0:320 - direct buffer constructor: unavailable: Reflective setAccessible(true) disabled
2023-03-28 15:04:15 DEBUG PlatformDependent0:385 - java.nio.Bits.unaligned: available, true
2023-03-28 15:04:15 DEBUG PlatformDependent0:452 - jdk.internal.misc.Unsafe.allocateUninitializedArray(int): unavailable: class io.netty.util.internal.PlatformDependent0$7 cannot access class jdk.internal.misc.Unsafe (in module java.base) because module java.base does not export jdk.internal.misc to unnamed module @589838eb
2023-03-28 15:04:15 DEBUG PlatformDependent0:482 - java.nio.DirectByteBuffer.<init>(long, int): unavailable
2023-03-28 15:04:15 DEBUG PlatformDependent:1159 - sun.misc.Unsafe: available
2023-03-28 15:04:15 DEBUG PlatformDependent:1270 - maxDirectMemory: 4007657472 bytes (maybe)
2023-03-28 15:04:15 DEBUG PlatformDependent:1289 - -Dio.netty.tmpdir: C:\Users\thanh\AppData\Local\Temp (java.io.tmpdir)
2023-03-28 15:04:15 DEBUG PlatformDependent:1368 - -Dio.netty.bitMode: 64 (sun.arch.data.model)
2023-03-28 15:04:15 DEBUG PlatformDependent:1119 - Platform: Windows
2023-03-28 15:04:15 DEBUG PlatformDependent:178 - -Dio.netty.maxDirectMemory: -1 bytes
2023-03-28 15:04:15 DEBUG PlatformDependent:185 - -Dio.netty.uninitializedArrayAllocationThreshold: -1
2023-03-28 15:04:15 DEBUG CleanerJava9:71 - java.nio.ByteBuffer.cleaner(): available
2023-03-28 15:04:15 DEBUG PlatformDependent:205 - -Dio.netty.noPreferDirect: false
2023-03-28 15:04:15 DEBUG PlatformDependent:1010 - org.jctools-core.MpscChunkedArrayQueue: available
2023-03-28 15:04:15 DEBUG InternalThreadLocalMap:100 - -Dio.netty.threadLocalMap.stringBuilder.initialSize: 1024
2023-03-28 15:04:15 DEBUG InternalThreadLocalMap:101 - -Dio.netty.threadLocalMap.stringBuilder.maxSize: 4096
2023-03-28 15:04:16 DEBUG JdkSslContext:83 - Default protocols (JDK): [TLSv1.3, TLSv1.2] 
2023-03-28 15:04:16 DEBUG JdkSslContext:84 - Default cipher suites (JDK): [TLS_ECDHE_ECDSA_WITH_AES_256_GCM_SHA384, TLS_ECDHE_ECDSA_WITH_AES_128_GCM_SHA256, TLS_ECDHE_RSA_WITH_AES_128_GCM_SHA256, TLS_ECDHE_RSA_WITH_AES_256_GCM_SHA384, TLS_ECDHE_RSA_WITH_AES_128_CBC_SHA, TLS_ECDHE_RSA_WITH_AES_256_CBC_SHA, TLS_RSA_WITH_AES_128_GCM_SHA256, TLS_RSA_WITH_AES_128_CBC_SHA, TLS_RSA_WITH_AES_256_CBC_SHA, TLS_AES_128_GCM_SHA256, TLS_AES_256_GCM_SHA384]
2023-03-28 15:04:16 DEBUG GlobalEventExecutor:53 - -Dio.netty.globalEventExecutor.quietPeriodSeconds: 1
2023-03-28 15:04:16 DEBUG MultithreadEventLoopGroup:44 - -Dio.netty.eventLoopThreads: 16
2023-03-28 15:04:16 DEBUG NioEventLoop:110 - -Dio.netty.noKeySetOptimization: false
2023-03-28 15:04:16 DEBUG NioEventLoop:111 - -Dio.netty.selectorAutoRebuildThreshold: 512
2023-03-28 15:04:16 DEBUG PooledByteBufAllocator:157 - -Dio.netty.allocator.numHeapArenas: 16
2023-03-28 15:04:16 DEBUG PooledByteBufAllocator:158 - -Dio.netty.allocator.numDirectArenas: 16
2023-03-28 15:04:16 DEBUG PooledByteBufAllocator:160 - -Dio.netty.allocator.pageSize: 8192
2023-03-28 15:04:16 DEBUG PooledByteBufAllocator:165 - -Dio.netty.allocator.maxOrder: 9
2023-03-28 15:04:16 DEBUG PooledByteBufAllocator:169 - -Dio.netty.allocator.chunkSize: 4194304
2023-03-28 15:04:16 DEBUG PooledByteBufAllocator:170 - -Dio.netty.allocator.smallCacheSize: 256
2023-03-28 15:04:16 DEBUG PooledByteBufAllocator:171 - -Dio.netty.allocator.normalCacheSize: 64
2023-03-28 15:04:16 DEBUG PooledByteBufAllocator:172 - -Dio.netty.allocator.maxCachedBufferCapacity: 32768
2023-03-28 15:04:16 DEBUG PooledByteBufAllocator:173 - -Dio.netty.allocator.cacheTrimInterval: 8192
2023-03-28 15:04:16 DEBUG PooledByteBufAllocator:174 - -Dio.netty.allocator.cacheTrimIntervalMillis: 0
2023-03-28 15:04:16 DEBUG PooledByteBufAllocator:175 - -Dio.netty.allocator.useCacheForAllThreads: false
2023-03-28 15:04:16 DEBUG PooledByteBufAllocator:176 - -Dio.netty.allocator.maxCachedByteBuffersPerChunk: 1023
2023-03-28 15:04:16 DEBUG ByteBufUtil:88 - -Dio.netty.allocator.type: pooled
2023-03-28 15:04:16 DEBUG ByteBufUtil:97 - -Dio.netty.threadLocalDirectBufferSize: 0
2023-03-28 15:04:16 DEBUG ByteBufUtil:100 - -Dio.netty.maxThreadLocalCharBufferSize: 16384
2023-03-28 15:04:16 DEBUG DefaultChannelId:79 - -Dio.netty.processId: 8320 (auto-detected)
2023-03-28 15:04:16 DEBUG NetUtil:142 - -Djava.net.preferIPv4Stack: false
2023-03-28 15:04:16 DEBUG NetUtil:143 - -Djava.net.preferIPv6Addresses: false
2023-03-28 15:04:16 DEBUG NetUtilInitializations:145 - Loopback interface: lo (Software Loopback Interface 1, 127.0.0.1)
2023-03-28 15:04:16 DEBUG NetUtil:200 - Failed to get SOMAXCONN from sysctl and file \proc\sys\net\core\somaxconn. Default: 200
2023-03-28 15:04:16 DEBUG DefaultChannelId:101 - -Dio.netty.machineId: 70:85:c2:ff:fe:a0:ed:d9 (auto-detected)
2023-03-28 15:04:16 DEBUG AbstractByteBuf:63 - -Dio.netty.buffer.checkAccessible: true
2023-03-28 15:04:16 DEBUG AbstractByteBuf:64 - -Dio.netty.buffer.checkBounds: true
2023-03-28 15:04:16 DEBUG ResourceLeakDetectorFactory:196 - Loaded default ResourceLeakDetector: io.netty.util.ResourceLeakDetector@5c45945
2023-03-28 15:04:16 DEBUG Recycler:96 - -Dio.netty.recycler.maxCapacityPerThread: 4096
2023-03-28 15:04:16 DEBUG Recycler:97 - -Dio.netty.recycler.ratio: 8
2023-03-28 15:04:16 DEBUG Recycler:98 - -Dio.netty.recycler.chunkSize: 32
2023-03-28 15:04:16 DEBUG Recycler:99 - -Dio.netty.recycler.blocking: false
2023-03-28 15:04:16 DEBUG Recycler:100 - -Dio.netty.recycler.batchFastThreadLocalOnly: true
2023-03-28 15:04:17 DEBUG Brotli:38 - brotli4j not in the classpath; Brotli support will be unavailable.
2023-03-28 15:04:17 DEBUG ThreadLocalRandom:214 - -Dio.netty.initialSeedUniquifier: 0xbe9bd994f505e53e
2023-03-28 15:04:20 INFO  eBanking:18 - Url is opened
2023-03-28 15:04:21 INFO  eBanking:21 - Enter username
2023-03-28 15:04:21 INFO  eBanking:24 - Enter password
2023-03-28 15:04:22 INFO  eBanking:30 - Login test passed
2023-03-28 15:05:02 DEBUG InternalLoggerFactory:89 - Using Log4J as the default logging framework
2023-03-28 15:05:02 DEBUG ResourceLeakDetector:129 - -Dio.netty.leakDetection.level: simple
2023-03-28 15:05:02 DEBUG ResourceLeakDetector:130 - -Dio.netty.leakDetection.targetRecords: 4
2023-03-28 15:05:02 DEBUG ResourceLeakDetectorFactory:196 - Loaded default ResourceLeakDetector: io.netty.util.ResourceLeakDetector@616fe72b
2023-03-28 15:05:02 DEBUG PlatformDependent0:496 - -Dio.netty.noUnsafe: false
2023-03-28 15:05:02 DEBUG PlatformDependent0:1000 - Java version: 17
2023-03-28 15:05:02 DEBUG PlatformDependent0:137 - sun.misc.Unsafe.theUnsafe: available
2023-03-28 15:05:02 DEBUG PlatformDependent0:161 - sun.misc.Unsafe.copyMemory: available
2023-03-28 15:05:02 DEBUG PlatformDependent0:193 - sun.misc.Unsafe.storeFence: available
2023-03-28 15:05:02 DEBUG PlatformDependent0:236 - java.nio.Buffer.address: available
2023-03-28 15:05:02 DEBUG PlatformDependent0:320 - direct buffer constructor: unavailable: Reflective setAccessible(true) disabled
2023-03-28 15:05:02 DEBUG PlatformDependent0:385 - java.nio.Bits.unaligned: available, true
2023-03-28 15:05:02 DEBUG PlatformDependent0:452 - jdk.internal.misc.Unsafe.allocateUninitializedArray(int): unavailable: class io.netty.util.internal.PlatformDependent0$7 cannot access class jdk.internal.misc.Unsafe (in module java.base) because module java.base does not export jdk.internal.misc to unnamed module @589838eb
2023-03-28 15:05:02 DEBUG PlatformDependent0:482 - java.nio.DirectByteBuffer.<init>(long, int): unavailable
2023-03-28 15:05:02 DEBUG PlatformDependent:1159 - sun.misc.Unsafe: available
2023-03-28 15:05:02 DEBUG PlatformDependent:1270 - maxDirectMemory: 4007657472 bytes (maybe)
2023-03-28 15:05:02 DEBUG PlatformDependent:1289 - -Dio.netty.tmpdir: C:\Users\thanh\AppData\Local\Temp (java.io.tmpdir)
2023-03-28 15:05:02 DEBUG PlatformDependent:1368 - -Dio.netty.bitMode: 64 (sun.arch.data.model)
2023-03-28 15:05:02 DEBUG PlatformDependent:1119 - Platform: Windows
2023-03-28 15:05:02 DEBUG PlatformDependent:178 - -Dio.netty.maxDirectMemory: -1 bytes
2023-03-28 15:05:02 DEBUG PlatformDependent:185 - -Dio.netty.uninitializedArrayAllocationThreshold: -1
2023-03-28 15:05:02 DEBUG CleanerJava9:71 - java.nio.ByteBuffer.cleaner(): available
2023-03-28 15:05:02 DEBUG PlatformDependent:205 - -Dio.netty.noPreferDirect: false
2023-03-28 15:05:02 DEBUG PlatformDependent:1010 - org.jctools-core.MpscChunkedArrayQueue: available
2023-03-28 15:05:02 DEBUG InternalThreadLocalMap:100 - -Dio.netty.threadLocalMap.stringBuilder.initialSize: 1024
2023-03-28 15:05:02 DEBUG InternalThreadLocalMap:101 - -Dio.netty.threadLocalMap.stringBuilder.maxSize: 4096
2023-03-28 15:05:03 DEBUG JdkSslContext:83 - Default protocols (JDK): [TLSv1.3, TLSv1.2] 
2023-03-28 15:05:03 DEBUG JdkSslContext:84 - Default cipher suites (JDK): [TLS_ECDHE_ECDSA_WITH_AES_256_GCM_SHA384, TLS_ECDHE_ECDSA_WITH_AES_128_GCM_SHA256, TLS_ECDHE_RSA_WITH_AES_128_GCM_SHA256, TLS_ECDHE_RSA_WITH_AES_256_GCM_SHA384, TLS_ECDHE_RSA_WITH_AES_128_CBC_SHA, TLS_ECDHE_RSA_WITH_AES_256_CBC_SHA, TLS_RSA_WITH_AES_128_GCM_SHA256, TLS_RSA_WITH_AES_128_CBC_SHA, TLS_RSA_WITH_AES_256_CBC_SHA, TLS_AES_128_GCM_SHA256, TLS_AES_256_GCM_SHA384]
2023-03-28 15:05:03 DEBUG GlobalEventExecutor:53 - -Dio.netty.globalEventExecutor.quietPeriodSeconds: 1
2023-03-28 15:05:03 DEBUG MultithreadEventLoopGroup:44 - -Dio.netty.eventLoopThreads: 16
2023-03-28 15:05:03 DEBUG NioEventLoop:110 - -Dio.netty.noKeySetOptimization: false
2023-03-28 15:05:03 DEBUG NioEventLoop:111 - -Dio.netty.selectorAutoRebuildThreshold: 512
2023-03-28 15:05:03 DEBUG PooledByteBufAllocator:157 - -Dio.netty.allocator.numHeapArenas: 16
2023-03-28 15:05:03 DEBUG PooledByteBufAllocator:158 - -Dio.netty.allocator.numDirectArenas: 16
2023-03-28 15:05:03 DEBUG PooledByteBufAllocator:160 - -Dio.netty.allocator.pageSize: 8192
2023-03-28 15:05:03 DEBUG PooledByteBufAllocator:165 - -Dio.netty.allocator.maxOrder: 9
2023-03-28 15:05:03 DEBUG PooledByteBufAllocator:169 - -Dio.netty.allocator.chunkSize: 4194304
2023-03-28 15:05:03 DEBUG PooledByteBufAllocator:170 - -Dio.netty.allocator.smallCacheSize: 256
2023-03-28 15:05:03 DEBUG PooledByteBufAllocator:171 - -Dio.netty.allocator.normalCacheSize: 64
2023-03-28 15:05:03 DEBUG PooledByteBufAllocator:172 - -Dio.netty.allocator.maxCachedBufferCapacity: 32768
2023-03-28 15:05:03 DEBUG PooledByteBufAllocator:173 - -Dio.netty.allocator.cacheTrimInterval: 8192
2023-03-28 15:05:03 DEBUG PooledByteBufAllocator:174 - -Dio.netty.allocator.cacheTrimIntervalMillis: 0
2023-03-28 15:05:03 DEBUG PooledByteBufAllocator:175 - -Dio.netty.allocator.useCacheForAllThreads: false
2023-03-28 15:05:03 DEBUG PooledByteBufAllocator:176 - -Dio.netty.allocator.maxCachedByteBuffersPerChunk: 1023
2023-03-28 15:05:03 DEBUG ByteBufUtil:88 - -Dio.netty.allocator.type: pooled
2023-03-28 15:05:03 DEBUG ByteBufUtil:97 - -Dio.netty.threadLocalDirectBufferSize: 0
2023-03-28 15:05:03 DEBUG ByteBufUtil:100 - -Dio.netty.maxThreadLocalCharBufferSize: 16384
2023-03-28 15:05:03 DEBUG DefaultChannelId:79 - -Dio.netty.processId: 4324 (auto-detected)
2023-03-28 15:05:03 DEBUG NetUtil:142 - -Djava.net.preferIPv4Stack: false
2023-03-28 15:05:03 DEBUG NetUtil:143 - -Djava.net.preferIPv6Addresses: false
2023-03-28 15:05:03 DEBUG NetUtilInitializations:145 - Loopback interface: lo (Software Loopback Interface 1, 127.0.0.1)
2023-03-28 15:05:03 DEBUG NetUtil:200 - Failed to get SOMAXCONN from sysctl and file \proc\sys\net\core\somaxconn. Default: 200
2023-03-28 15:05:03 DEBUG DefaultChannelId:101 - -Dio.netty.machineId: 70:85:c2:ff:fe:a0:ed:d9 (auto-detected)
2023-03-28 15:05:03 DEBUG AbstractByteBuf:63 - -Dio.netty.buffer.checkAccessible: true
2023-03-28 15:05:03 DEBUG AbstractByteBuf:64 - -Dio.netty.buffer.checkBounds: true
2023-03-28 15:05:03 DEBUG ResourceLeakDetectorFactory:196 - Loaded default ResourceLeakDetector: io.netty.util.ResourceLeakDetector@3baceccf
2023-03-28 15:05:03 DEBUG Recycler:96 - -Dio.netty.recycler.maxCapacityPerThread: 4096
2023-03-28 15:05:03 DEBUG Recycler:97 - -Dio.netty.recycler.ratio: 8
2023-03-28 15:05:03 DEBUG Recycler:98 - -Dio.netty.recycler.chunkSize: 32
2023-03-28 15:05:03 DEBUG Recycler:99 - -Dio.netty.recycler.blocking: false
2023-03-28 15:05:03 DEBUG Recycler:100 - -Dio.netty.recycler.batchFastThreadLocalOnly: true
2023-03-28 15:05:03 DEBUG Brotli:38 - brotli4j not in the classpath; Brotli support will be unavailable.
2023-03-28 15:06:08 DEBUG InternalLoggerFactory:89 - Using Log4J as the default logging framework
2023-03-28 15:06:08 DEBUG ResourceLeakDetector:129 - -Dio.netty.leakDetection.level: simple
2023-03-28 15:06:08 DEBUG ResourceLeakDetector:130 - -Dio.netty.leakDetection.targetRecords: 4
2023-03-28 15:06:08 DEBUG ResourceLeakDetectorFactory:196 - Loaded default ResourceLeakDetector: io.netty.util.ResourceLeakDetector@1b2c4efb
2023-03-28 15:06:08 DEBUG PlatformDependent0:496 - -Dio.netty.noUnsafe: false
2023-03-28 15:06:08 DEBUG PlatformDependent0:1000 - Java version: 17
2023-03-28 15:06:08 DEBUG PlatformDependent0:137 - sun.misc.Unsafe.theUnsafe: available
2023-03-28 15:06:08 DEBUG PlatformDependent0:161 - sun.misc.Unsafe.copyMemory: available
2023-03-28 15:06:08 DEBUG PlatformDependent0:193 - sun.misc.Unsafe.storeFence: available
2023-03-28 15:06:08 DEBUG PlatformDependent0:236 - java.nio.Buffer.address: available
2023-03-28 15:06:08 DEBUG PlatformDependent0:320 - direct buffer constructor: unavailable: Reflective setAccessible(true) disabled
2023-03-28 15:06:08 DEBUG PlatformDependent0:385 - java.nio.Bits.unaligned: available, true
2023-03-28 15:06:08 DEBUG PlatformDependent0:452 - jdk.internal.misc.Unsafe.allocateUninitializedArray(int): unavailable: class io.netty.util.internal.PlatformDependent0$7 cannot access class jdk.internal.misc.Unsafe (in module java.base) because module java.base does not export jdk.internal.misc to unnamed module @589838eb
2023-03-28 15:06:08 DEBUG PlatformDependent0:482 - java.nio.DirectByteBuffer.<init>(long, int): unavailable
2023-03-28 15:06:08 DEBUG PlatformDependent:1159 - sun.misc.Unsafe: available
2023-03-28 15:06:08 DEBUG PlatformDependent:1270 - maxDirectMemory: 4007657472 bytes (maybe)
2023-03-28 15:06:08 DEBUG PlatformDependent:1289 - -Dio.netty.tmpdir: C:\Users\thanh\AppData\Local\Temp (java.io.tmpdir)
2023-03-28 15:06:08 DEBUG PlatformDependent:1368 - -Dio.netty.bitMode: 64 (sun.arch.data.model)
2023-03-28 15:06:08 DEBUG PlatformDependent:1119 - Platform: Windows
2023-03-28 15:06:08 DEBUG PlatformDependent:178 - -Dio.netty.maxDirectMemory: -1 bytes
2023-03-28 15:06:08 DEBUG PlatformDependent:185 - -Dio.netty.uninitializedArrayAllocationThreshold: -1
2023-03-28 15:06:08 DEBUG CleanerJava9:71 - java.nio.ByteBuffer.cleaner(): available
2023-03-28 15:06:08 DEBUG PlatformDependent:205 - -Dio.netty.noPreferDirect: false
2023-03-28 15:06:08 DEBUG PlatformDependent:1010 - org.jctools-core.MpscChunkedArrayQueue: available
2023-03-28 15:06:08 DEBUG InternalThreadLocalMap:100 - -Dio.netty.threadLocalMap.stringBuilder.initialSize: 1024
2023-03-28 15:06:08 DEBUG InternalThreadLocalMap:101 - -Dio.netty.threadLocalMap.stringBuilder.maxSize: 4096
2023-03-28 15:06:08 DEBUG JdkSslContext:83 - Default protocols (JDK): [TLSv1.3, TLSv1.2] 
2023-03-28 15:06:08 DEBUG JdkSslContext:84 - Default cipher suites (JDK): [TLS_ECDHE_ECDSA_WITH_AES_256_GCM_SHA384, TLS_ECDHE_ECDSA_WITH_AES_128_GCM_SHA256, TLS_ECDHE_RSA_WITH_AES_128_GCM_SHA256, TLS_ECDHE_RSA_WITH_AES_256_GCM_SHA384, TLS_ECDHE_RSA_WITH_AES_128_CBC_SHA, TLS_ECDHE_RSA_WITH_AES_256_CBC_SHA, TLS_RSA_WITH_AES_128_GCM_SHA256, TLS_RSA_WITH_AES_128_CBC_SHA, TLS_RSA_WITH_AES_256_CBC_SHA, TLS_AES_128_GCM_SHA256, TLS_AES_256_GCM_SHA384]
2023-03-28 15:06:08 DEBUG GlobalEventExecutor:53 - -Dio.netty.globalEventExecutor.quietPeriodSeconds: 1
2023-03-28 15:06:08 DEBUG MultithreadEventLoopGroup:44 - -Dio.netty.eventLoopThreads: 16
2023-03-28 15:06:08 DEBUG NioEventLoop:110 - -Dio.netty.noKeySetOptimization: false
2023-03-28 15:06:08 DEBUG NioEventLoop:111 - -Dio.netty.selectorAutoRebuildThreshold: 512
2023-03-28 15:06:08 DEBUG PooledByteBufAllocator:157 - -Dio.netty.allocator.numHeapArenas: 16
2023-03-28 15:06:08 DEBUG PooledByteBufAllocator:158 - -Dio.netty.allocator.numDirectArenas: 16
2023-03-28 15:06:08 DEBUG PooledByteBufAllocator:160 - -Dio.netty.allocator.pageSize: 8192
2023-03-28 15:06:08 DEBUG PooledByteBufAllocator:165 - -Dio.netty.allocator.maxOrder: 9
2023-03-28 15:06:08 DEBUG PooledByteBufAllocator:169 - -Dio.netty.allocator.chunkSize: 4194304
2023-03-28 15:06:08 DEBUG PooledByteBufAllocator:170 - -Dio.netty.allocator.smallCacheSize: 256
2023-03-28 15:06:08 DEBUG PooledByteBufAllocator:171 - -Dio.netty.allocator.normalCacheSize: 64
2023-03-28 15:06:08 DEBUG PooledByteBufAllocator:172 - -Dio.netty.allocator.maxCachedBufferCapacity: 32768
2023-03-28 15:06:08 DEBUG PooledByteBufAllocator:173 - -Dio.netty.allocator.cacheTrimInterval: 8192
2023-03-28 15:06:08 DEBUG PooledByteBufAllocator:174 - -Dio.netty.allocator.cacheTrimIntervalMillis: 0
2023-03-28 15:06:08 DEBUG PooledByteBufAllocator:175 - -Dio.netty.allocator.useCacheForAllThreads: false
2023-03-28 15:06:08 DEBUG PooledByteBufAllocator:176 - -Dio.netty.allocator.maxCachedByteBuffersPerChunk: 1023
2023-03-28 15:06:08 DEBUG ByteBufUtil:88 - -Dio.netty.allocator.type: pooled
2023-03-28 15:06:08 DEBUG ByteBufUtil:97 - -Dio.netty.threadLocalDirectBufferSize: 0
2023-03-28 15:06:08 DEBUG ByteBufUtil:100 - -Dio.netty.maxThreadLocalCharBufferSize: 16384
2023-03-28 15:06:09 DEBUG DefaultChannelId:79 - -Dio.netty.processId: 18096 (auto-detected)
2023-03-28 15:06:09 DEBUG NetUtil:142 - -Djava.net.preferIPv4Stack: false
2023-03-28 15:06:09 DEBUG NetUtil:143 - -Djava.net.preferIPv6Addresses: false
2023-03-28 15:06:09 DEBUG NetUtilInitializations:145 - Loopback interface: lo (Software Loopback Interface 1, 127.0.0.1)
2023-03-28 15:06:09 DEBUG NetUtil:200 - Failed to get SOMAXCONN from sysctl and file \proc\sys\net\core\somaxconn. Default: 200
2023-03-28 15:06:09 DEBUG DefaultChannelId:101 - -Dio.netty.machineId: 70:85:c2:ff:fe:a0:ed:d9 (auto-detected)
2023-03-28 15:06:09 DEBUG AbstractByteBuf:63 - -Dio.netty.buffer.checkAccessible: true
2023-03-28 15:06:09 DEBUG AbstractByteBuf:64 - -Dio.netty.buffer.checkBounds: true
2023-03-28 15:06:09 DEBUG ResourceLeakDetectorFactory:196 - Loaded default ResourceLeakDetector: io.netty.util.ResourceLeakDetector@57588cc7
2023-03-28 15:06:09 DEBUG Recycler:96 - -Dio.netty.recycler.maxCapacityPerThread: 4096
2023-03-28 15:06:09 DEBUG Recycler:97 - -Dio.netty.recycler.ratio: 8
2023-03-28 15:06:09 DEBUG Recycler:98 - -Dio.netty.recycler.chunkSize: 32
2023-03-28 15:06:09 DEBUG Recycler:99 - -Dio.netty.recycler.blocking: false
2023-03-28 15:06:09 DEBUG Recycler:100 - -Dio.netty.recycler.batchFastThreadLocalOnly: true
2023-03-28 15:06:09 DEBUG Brotli:38 - brotli4j not in the classpath; Brotli support will be unavailable.
2023-03-28 15:06:10 DEBUG ThreadLocalRandom:214 - -Dio.netty.initialSeedUniquifier: 0x323b9ad3382c4dcb
2023-03-28 15:06:14 INFO  eBanking:18 - Url is opened
2023-03-28 15:06:14 INFO  eBanking:21 - Enter username
2023-03-28 15:06:15 INFO  eBanking:24 - Enter password
2023-03-28 15:06:16 INFO  eBanking:30 - Login test passed
2023-03-28 15:06:30 DEBUG InternalLoggerFactory:89 - Using Log4J as the default logging framework
2023-03-28 15:06:30 DEBUG ResourceLeakDetector:129 - -Dio.netty.leakDetection.level: simple
2023-03-28 15:06:30 DEBUG ResourceLeakDetector:130 - -Dio.netty.leakDetection.targetRecords: 4
2023-03-28 15:06:30 DEBUG ResourceLeakDetectorFactory:196 - Loaded default ResourceLeakDetector: io.netty.util.ResourceLeakDetector@616fe72b
2023-03-28 15:06:31 DEBUG PlatformDependent0:496 - -Dio.netty.noUnsafe: false
2023-03-28 15:06:31 DEBUG PlatformDependent0:1000 - Java version: 17
2023-03-28 15:06:31 DEBUG PlatformDependent0:137 - sun.misc.Unsafe.theUnsafe: available
2023-03-28 15:06:31 DEBUG PlatformDependent0:161 - sun.misc.Unsafe.copyMemory: available
2023-03-28 15:06:31 DEBUG PlatformDependent0:193 - sun.misc.Unsafe.storeFence: available
2023-03-28 15:06:31 DEBUG PlatformDependent0:236 - java.nio.Buffer.address: available
2023-03-28 15:06:31 DEBUG PlatformDependent0:320 - direct buffer constructor: unavailable: Reflective setAccessible(true) disabled
2023-03-28 15:06:31 DEBUG PlatformDependent0:385 - java.nio.Bits.unaligned: available, true
2023-03-28 15:06:31 DEBUG PlatformDependent0:452 - jdk.internal.misc.Unsafe.allocateUninitializedArray(int): unavailable: class io.netty.util.internal.PlatformDependent0$7 cannot access class jdk.internal.misc.Unsafe (in module java.base) because module java.base does not export jdk.internal.misc to unnamed module @589838eb
2023-03-28 15:06:31 DEBUG PlatformDependent0:482 - java.nio.DirectByteBuffer.<init>(long, int): unavailable
2023-03-28 15:06:31 DEBUG PlatformDependent:1159 - sun.misc.Unsafe: available
2023-03-28 15:06:31 DEBUG PlatformDependent:1270 - maxDirectMemory: 4007657472 bytes (maybe)
2023-03-28 15:06:31 DEBUG PlatformDependent:1289 - -Dio.netty.tmpdir: C:\Users\thanh\AppData\Local\Temp (java.io.tmpdir)
2023-03-28 15:06:31 DEBUG PlatformDependent:1368 - -Dio.netty.bitMode: 64 (sun.arch.data.model)
2023-03-28 15:06:31 DEBUG PlatformDependent:1119 - Platform: Windows
2023-03-28 15:06:31 DEBUG PlatformDependent:178 - -Dio.netty.maxDirectMemory: -1 bytes
2023-03-28 15:06:31 DEBUG PlatformDependent:185 - -Dio.netty.uninitializedArrayAllocationThreshold: -1
2023-03-28 15:06:31 DEBUG CleanerJava9:71 - java.nio.ByteBuffer.cleaner(): available
2023-03-28 15:06:31 DEBUG PlatformDependent:205 - -Dio.netty.noPreferDirect: false
2023-03-28 15:06:31 DEBUG PlatformDependent:1010 - org.jctools-core.MpscChunkedArrayQueue: available
2023-03-28 15:06:31 DEBUG InternalThreadLocalMap:100 - -Dio.netty.threadLocalMap.stringBuilder.initialSize: 1024
2023-03-28 15:06:31 DEBUG InternalThreadLocalMap:101 - -Dio.netty.threadLocalMap.stringBuilder.maxSize: 4096
2023-03-28 15:06:31 DEBUG JdkSslContext:83 - Default protocols (JDK): [TLSv1.3, TLSv1.2] 
2023-03-28 15:06:31 DEBUG JdkSslContext:84 - Default cipher suites (JDK): [TLS_ECDHE_ECDSA_WITH_AES_256_GCM_SHA384, TLS_ECDHE_ECDSA_WITH_AES_128_GCM_SHA256, TLS_ECDHE_RSA_WITH_AES_128_GCM_SHA256, TLS_ECDHE_RSA_WITH_AES_256_GCM_SHA384, TLS_ECDHE_RSA_WITH_AES_128_CBC_SHA, TLS_ECDHE_RSA_WITH_AES_256_CBC_SHA, TLS_RSA_WITH_AES_128_GCM_SHA256, TLS_RSA_WITH_AES_128_CBC_SHA, TLS_RSA_WITH_AES_256_CBC_SHA, TLS_AES_128_GCM_SHA256, TLS_AES_256_GCM_SHA384]
2023-03-28 15:06:31 DEBUG GlobalEventExecutor:53 - -Dio.netty.globalEventExecutor.quietPeriodSeconds: 1
2023-03-28 15:06:31 DEBUG MultithreadEventLoopGroup:44 - -Dio.netty.eventLoopThreads: 16
2023-03-28 15:06:31 DEBUG NioEventLoop:110 - -Dio.netty.noKeySetOptimization: false
2023-03-28 15:06:31 DEBUG NioEventLoop:111 - -Dio.netty.selectorAutoRebuildThreshold: 512
2023-03-28 15:06:31 DEBUG PooledByteBufAllocator:157 - -Dio.netty.allocator.numHeapArenas: 16
2023-03-28 15:06:31 DEBUG PooledByteBufAllocator:158 - -Dio.netty.allocator.numDirectArenas: 16
2023-03-28 15:06:31 DEBUG PooledByteBufAllocator:160 - -Dio.netty.allocator.pageSize: 8192
2023-03-28 15:06:31 DEBUG PooledByteBufAllocator:165 - -Dio.netty.allocator.maxOrder: 9
2023-03-28 15:06:31 DEBUG PooledByteBufAllocator:169 - -Dio.netty.allocator.chunkSize: 4194304
2023-03-28 15:06:31 DEBUG PooledByteBufAllocator:170 - -Dio.netty.allocator.smallCacheSize: 256
2023-03-28 15:06:31 DEBUG PooledByteBufAllocator:171 - -Dio.netty.allocator.normalCacheSize: 64
2023-03-28 15:06:31 DEBUG PooledByteBufAllocator:172 - -Dio.netty.allocator.maxCachedBufferCapacity: 32768
2023-03-28 15:06:31 DEBUG PooledByteBufAllocator:173 - -Dio.netty.allocator.cacheTrimInterval: 8192
2023-03-28 15:06:31 DEBUG PooledByteBufAllocator:174 - -Dio.netty.allocator.cacheTrimIntervalMillis: 0
2023-03-28 15:06:31 DEBUG PooledByteBufAllocator:175 - -Dio.netty.allocator.useCacheForAllThreads: false
2023-03-28 15:06:31 DEBUG PooledByteBufAllocator:176 - -Dio.netty.allocator.maxCachedByteBuffersPerChunk: 1023
2023-03-28 15:06:31 DEBUG ByteBufUtil:88 - -Dio.netty.allocator.type: pooled
2023-03-28 15:06:31 DEBUG ByteBufUtil:97 - -Dio.netty.threadLocalDirectBufferSize: 0
2023-03-28 15:06:31 DEBUG ByteBufUtil:100 - -Dio.netty.maxThreadLocalCharBufferSize: 16384
2023-03-28 15:06:31 DEBUG DefaultChannelId:79 - -Dio.netty.processId: 2284 (auto-detected)
2023-03-28 15:06:31 DEBUG NetUtil:142 - -Djava.net.preferIPv4Stack: false
2023-03-28 15:06:31 DEBUG NetUtil:143 - -Djava.net.preferIPv6Addresses: false
2023-03-28 15:06:31 DEBUG NetUtilInitializations:145 - Loopback interface: lo (Software Loopback Interface 1, 127.0.0.1)
2023-03-28 15:06:31 DEBUG NetUtil:200 - Failed to get SOMAXCONN from sysctl and file \proc\sys\net\core\somaxconn. Default: 200
2023-03-28 15:06:31 DEBUG DefaultChannelId:101 - -Dio.netty.machineId: 70:85:c2:ff:fe:a0:ed:d9 (auto-detected)
2023-03-28 15:06:31 DEBUG AbstractByteBuf:63 - -Dio.netty.buffer.checkAccessible: true
2023-03-28 15:06:31 DEBUG AbstractByteBuf:64 - -Dio.netty.buffer.checkBounds: true
2023-03-28 15:06:31 DEBUG ResourceLeakDetectorFactory:196 - Loaded default ResourceLeakDetector: io.netty.util.ResourceLeakDetector@239d57f2
2023-03-28 15:06:31 DEBUG Recycler:96 - -Dio.netty.recycler.maxCapacityPerThread: 4096
2023-03-28 15:06:31 DEBUG Recycler:97 - -Dio.netty.recycler.ratio: 8
2023-03-28 15:06:31 DEBUG Recycler:98 - -Dio.netty.recycler.chunkSize: 32
2023-03-28 15:06:31 DEBUG Recycler:99 - -Dio.netty.recycler.blocking: false
2023-03-28 15:06:31 DEBUG Recycler:100 - -Dio.netty.recycler.batchFastThreadLocalOnly: true
2023-03-28 15:06:34 DEBUG Brotli:38 - brotli4j not in the classpath; Brotli support will be unavailable.
2023-03-28 15:07:07 DEBUG InternalLoggerFactory:89 - Using Log4J as the default logging framework
2023-03-28 15:07:07 DEBUG ResourceLeakDetector:129 - -Dio.netty.leakDetection.level: simple
2023-03-28 15:07:07 DEBUG ResourceLeakDetector:130 - -Dio.netty.leakDetection.targetRecords: 4
2023-03-28 15:07:07 DEBUG ResourceLeakDetectorFactory:196 - Loaded default ResourceLeakDetector: io.netty.util.ResourceLeakDetector@1b2c4efb
2023-03-28 15:07:07 DEBUG PlatformDependent0:496 - -Dio.netty.noUnsafe: false
2023-03-28 15:07:07 DEBUG PlatformDependent0:1000 - Java version: 17
2023-03-28 15:07:07 DEBUG PlatformDependent0:137 - sun.misc.Unsafe.theUnsafe: available
2023-03-28 15:07:07 DEBUG PlatformDependent0:161 - sun.misc.Unsafe.copyMemory: available
2023-03-28 15:07:07 DEBUG PlatformDependent0:193 - sun.misc.Unsafe.storeFence: available
2023-03-28 15:07:07 DEBUG PlatformDependent0:236 - java.nio.Buffer.address: available
2023-03-28 15:07:07 DEBUG PlatformDependent0:320 - direct buffer constructor: unavailable: Reflective setAccessible(true) disabled
2023-03-28 15:07:07 DEBUG PlatformDependent0:385 - java.nio.Bits.unaligned: available, true
2023-03-28 15:07:07 DEBUG PlatformDependent0:452 - jdk.internal.misc.Unsafe.allocateUninitializedArray(int): unavailable: class io.netty.util.internal.PlatformDependent0$7 cannot access class jdk.internal.misc.Unsafe (in module java.base) because module java.base does not export jdk.internal.misc to unnamed module @589838eb
2023-03-28 15:07:07 DEBUG PlatformDependent0:482 - java.nio.DirectByteBuffer.<init>(long, int): unavailable
2023-03-28 15:07:07 DEBUG PlatformDependent:1159 - sun.misc.Unsafe: available
2023-03-28 15:07:07 DEBUG PlatformDependent:1270 - maxDirectMemory: 4007657472 bytes (maybe)
2023-03-28 15:07:07 DEBUG PlatformDependent:1289 - -Dio.netty.tmpdir: C:\Users\thanh\AppData\Local\Temp (java.io.tmpdir)
2023-03-28 15:07:07 DEBUG PlatformDependent:1368 - -Dio.netty.bitMode: 64 (sun.arch.data.model)
2023-03-28 15:07:07 DEBUG PlatformDependent:1119 - Platform: Windows
2023-03-28 15:07:07 DEBUG PlatformDependent:178 - -Dio.netty.maxDirectMemory: -1 bytes
2023-03-28 15:07:07 DEBUG PlatformDependent:185 - -Dio.netty.uninitializedArrayAllocationThreshold: -1
2023-03-28 15:07:07 DEBUG CleanerJava9:71 - java.nio.ByteBuffer.cleaner(): available
2023-03-28 15:07:07 DEBUG PlatformDependent:205 - -Dio.netty.noPreferDirect: false
2023-03-28 15:07:07 DEBUG PlatformDependent:1010 - org.jctools-core.MpscChunkedArrayQueue: available
2023-03-28 15:07:07 DEBUG InternalThreadLocalMap:100 - -Dio.netty.threadLocalMap.stringBuilder.initialSize: 1024
2023-03-28 15:07:07 DEBUG InternalThreadLocalMap:101 - -Dio.netty.threadLocalMap.stringBuilder.maxSize: 4096
2023-03-28 15:07:07 DEBUG JdkSslContext:83 - Default protocols (JDK): [TLSv1.3, TLSv1.2] 
2023-03-28 15:07:07 DEBUG JdkSslContext:84 - Default cipher suites (JDK): [TLS_ECDHE_ECDSA_WITH_AES_256_GCM_SHA384, TLS_ECDHE_ECDSA_WITH_AES_128_GCM_SHA256, TLS_ECDHE_RSA_WITH_AES_128_GCM_SHA256, TLS_ECDHE_RSA_WITH_AES_256_GCM_SHA384, TLS_ECDHE_RSA_WITH_AES_128_CBC_SHA, TLS_ECDHE_RSA_WITH_AES_256_CBC_SHA, TLS_RSA_WITH_AES_128_GCM_SHA256, TLS_RSA_WITH_AES_128_CBC_SHA, TLS_RSA_WITH_AES_256_CBC_SHA, TLS_AES_128_GCM_SHA256, TLS_AES_256_GCM_SHA384]
2023-03-28 15:07:07 DEBUG GlobalEventExecutor:53 - -Dio.netty.globalEventExecutor.quietPeriodSeconds: 1
2023-03-28 15:07:07 DEBUG MultithreadEventLoopGroup:44 - -Dio.netty.eventLoopThreads: 16
2023-03-28 15:07:07 DEBUG NioEventLoop:110 - -Dio.netty.noKeySetOptimization: false
2023-03-28 15:07:07 DEBUG NioEventLoop:111 - -Dio.netty.selectorAutoRebuildThreshold: 512
2023-03-28 15:07:07 DEBUG PooledByteBufAllocator:157 - -Dio.netty.allocator.numHeapArenas: 16
2023-03-28 15:07:07 DEBUG PooledByteBufAllocator:158 - -Dio.netty.allocator.numDirectArenas: 16
2023-03-28 15:07:07 DEBUG PooledByteBufAllocator:160 - -Dio.netty.allocator.pageSize: 8192
2023-03-28 15:07:07 DEBUG PooledByteBufAllocator:165 - -Dio.netty.allocator.maxOrder: 9
2023-03-28 15:07:07 DEBUG PooledByteBufAllocator:169 - -Dio.netty.allocator.chunkSize: 4194304
2023-03-28 15:07:07 DEBUG PooledByteBufAllocator:170 - -Dio.netty.allocator.smallCacheSize: 256
2023-03-28 15:07:07 DEBUG PooledByteBufAllocator:171 - -Dio.netty.allocator.normalCacheSize: 64
2023-03-28 15:07:07 DEBUG PooledByteBufAllocator:172 - -Dio.netty.allocator.maxCachedBufferCapacity: 32768
2023-03-28 15:07:07 DEBUG PooledByteBufAllocator:173 - -Dio.netty.allocator.cacheTrimInterval: 8192
2023-03-28 15:07:07 DEBUG PooledByteBufAllocator:174 - -Dio.netty.allocator.cacheTrimIntervalMillis: 0
2023-03-28 15:07:07 DEBUG PooledByteBufAllocator:175 - -Dio.netty.allocator.useCacheForAllThreads: false
2023-03-28 15:07:07 DEBUG PooledByteBufAllocator:176 - -Dio.netty.allocator.maxCachedByteBuffersPerChunk: 1023
2023-03-28 15:07:07 DEBUG ByteBufUtil:88 - -Dio.netty.allocator.type: pooled
2023-03-28 15:07:07 DEBUG ByteBufUtil:97 - -Dio.netty.threadLocalDirectBufferSize: 0
2023-03-28 15:07:07 DEBUG ByteBufUtil:100 - -Dio.netty.maxThreadLocalCharBufferSize: 16384
2023-03-28 15:07:08 DEBUG DefaultChannelId:79 - -Dio.netty.processId: 6556 (auto-detected)
2023-03-28 15:07:08 DEBUG NetUtil:142 - -Djava.net.preferIPv4Stack: false
2023-03-28 15:07:08 DEBUG NetUtil:143 - -Djava.net.preferIPv6Addresses: false
2023-03-28 15:07:08 DEBUG NetUtilInitializations:145 - Loopback interface: lo (Software Loopback Interface 1, 127.0.0.1)
2023-03-28 15:07:08 DEBUG NetUtil:200 - Failed to get SOMAXCONN from sysctl and file \proc\sys\net\core\somaxconn. Default: 200
2023-03-28 15:07:08 DEBUG DefaultChannelId:101 - -Dio.netty.machineId: 70:85:c2:ff:fe:a0:ed:d9 (auto-detected)
2023-03-28 15:07:08 DEBUG AbstractByteBuf:63 - -Dio.netty.buffer.checkAccessible: true
2023-03-28 15:07:08 DEBUG AbstractByteBuf:64 - -Dio.netty.buffer.checkBounds: true
2023-03-28 15:07:08 DEBUG ResourceLeakDetectorFactory:196 - Loaded default ResourceLeakDetector: io.netty.util.ResourceLeakDetector@2ce40b2
2023-03-28 15:07:08 DEBUG Recycler:96 - -Dio.netty.recycler.maxCapacityPerThread: 4096
2023-03-28 15:07:08 DEBUG Recycler:97 - -Dio.netty.recycler.ratio: 8
2023-03-28 15:07:08 DEBUG Recycler:98 - -Dio.netty.recycler.chunkSize: 32
2023-03-28 15:07:08 DEBUG Recycler:99 - -Dio.netty.recycler.blocking: false
2023-03-28 15:07:08 DEBUG Recycler:100 - -Dio.netty.recycler.batchFastThreadLocalOnly: true
2023-03-28 15:07:08 DEBUG Brotli:38 - brotli4j not in the classpath; Brotli support will be unavailable.
2023-03-28 15:07:08 DEBUG ThreadLocalRandom:214 - -Dio.netty.initialSeedUniquifier: 0x52e60a0ef8944227
2023-03-28 15:07:13 INFO  eBanking:18 - Url is opened
2023-03-28 15:07:13 INFO  eBanking:21 - Enter username
2023-03-28 15:07:13 INFO  eBanking:24 - Enter password
2023-03-28 15:07:14 INFO  eBanking:30 - Login test passed
2023-03-28 16:28:43 DEBUG InternalLoggerFactory:89 - Using Log4J as the default logging framework
2023-03-28 16:28:43 DEBUG ResourceLeakDetector:129 - -Dio.netty.leakDetection.level: simple
2023-03-28 16:28:43 DEBUG ResourceLeakDetector:130 - -Dio.netty.leakDetection.targetRecords: 4
2023-03-28 16:28:43 DEBUG ResourceLeakDetectorFactory:196 - Loaded default ResourceLeakDetector: io.netty.util.ResourceLeakDetector@349c1daf
2023-03-28 16:28:43 DEBUG PlatformDependent0:496 - -Dio.netty.noUnsafe: false
2023-03-28 16:28:43 DEBUG PlatformDependent0:1000 - Java version: 17
2023-03-28 16:28:43 DEBUG PlatformDependent0:137 - sun.misc.Unsafe.theUnsafe: available
2023-03-28 16:28:43 DEBUG PlatformDependent0:161 - sun.misc.Unsafe.copyMemory: available
2023-03-28 16:28:43 DEBUG PlatformDependent0:193 - sun.misc.Unsafe.storeFence: available
2023-03-28 16:28:43 DEBUG PlatformDependent0:236 - java.nio.Buffer.address: available
2023-03-28 16:28:43 DEBUG PlatformDependent0:320 - direct buffer constructor: unavailable: Reflective setAccessible(true) disabled
2023-03-28 16:28:43 DEBUG PlatformDependent0:385 - java.nio.Bits.unaligned: available, true
2023-03-28 16:28:43 DEBUG PlatformDependent0:452 - jdk.internal.misc.Unsafe.allocateUninitializedArray(int): unavailable: class io.netty.util.internal.PlatformDependent0$7 cannot access class jdk.internal.misc.Unsafe (in module java.base) because module java.base does not export jdk.internal.misc to unnamed module @4f7d0008
2023-03-28 16:28:43 DEBUG PlatformDependent0:482 - java.nio.DirectByteBuffer.<init>(long, int): unavailable
2023-03-28 16:28:43 DEBUG PlatformDependent:1159 - sun.misc.Unsafe: available
2023-03-28 16:28:43 DEBUG PlatformDependent:1270 - maxDirectMemory: 4007657472 bytes (maybe)
2023-03-28 16:28:43 DEBUG PlatformDependent:1289 - -Dio.netty.tmpdir: C:\Users\thanh\AppData\Local\Temp (java.io.tmpdir)
2023-03-28 16:28:43 DEBUG PlatformDependent:1368 - -Dio.netty.bitMode: 64 (sun.arch.data.model)
2023-03-28 16:28:43 DEBUG PlatformDependent:1119 - Platform: Windows
2023-03-28 16:28:43 DEBUG PlatformDependent:178 - -Dio.netty.maxDirectMemory: -1 bytes
2023-03-28 16:28:43 DEBUG PlatformDependent:185 - -Dio.netty.uninitializedArrayAllocationThreshold: -1
2023-03-28 16:28:43 DEBUG CleanerJava9:71 - java.nio.ByteBuffer.cleaner(): available
2023-03-28 16:28:43 DEBUG PlatformDependent:205 - -Dio.netty.noPreferDirect: false
2023-03-28 16:28:43 DEBUG PlatformDependent:1010 - org.jctools-core.MpscChunkedArrayQueue: available
2023-03-28 16:28:43 DEBUG InternalThreadLocalMap:100 - -Dio.netty.threadLocalMap.stringBuilder.initialSize: 1024
2023-03-28 16:28:43 DEBUG InternalThreadLocalMap:101 - -Dio.netty.threadLocalMap.stringBuilder.maxSize: 4096
2023-03-28 16:28:43 DEBUG JdkSslContext:83 - Default protocols (JDK): [TLSv1.3, TLSv1.2] 
2023-03-28 16:28:43 DEBUG JdkSslContext:84 - Default cipher suites (JDK): [TLS_ECDHE_ECDSA_WITH_AES_256_GCM_SHA384, TLS_ECDHE_ECDSA_WITH_AES_128_GCM_SHA256, TLS_ECDHE_RSA_WITH_AES_128_GCM_SHA256, TLS_ECDHE_RSA_WITH_AES_256_GCM_SHA384, TLS_ECDHE_RSA_WITH_AES_128_CBC_SHA, TLS_ECDHE_RSA_WITH_AES_256_CBC_SHA, TLS_RSA_WITH_AES_128_GCM_SHA256, TLS_RSA_WITH_AES_128_CBC_SHA, TLS_RSA_WITH_AES_256_CBC_SHA, TLS_AES_128_GCM_SHA256, TLS_AES_256_GCM_SHA384]
2023-03-28 16:28:43 DEBUG GlobalEventExecutor:53 - -Dio.netty.globalEventExecutor.quietPeriodSeconds: 1
2023-03-28 16:28:43 DEBUG MultithreadEventLoopGroup:44 - -Dio.netty.eventLoopThreads: 16
2023-03-28 16:28:43 DEBUG NioEventLoop:110 - -Dio.netty.noKeySetOptimization: false
2023-03-28 16:28:43 DEBUG NioEventLoop:111 - -Dio.netty.selectorAutoRebuildThreshold: 512
2023-03-28 16:28:43 DEBUG PooledByteBufAllocator:157 - -Dio.netty.allocator.numHeapArenas: 16
2023-03-28 16:28:43 DEBUG PooledByteBufAllocator:158 - -Dio.netty.allocator.numDirectArenas: 16
2023-03-28 16:28:43 DEBUG PooledByteBufAllocator:160 - -Dio.netty.allocator.pageSize: 8192
2023-03-28 16:28:43 DEBUG PooledByteBufAllocator:165 - -Dio.netty.allocator.maxOrder: 9
2023-03-28 16:28:43 DEBUG PooledByteBufAllocator:169 - -Dio.netty.allocator.chunkSize: 4194304
2023-03-28 16:28:43 DEBUG PooledByteBufAllocator:170 - -Dio.netty.allocator.smallCacheSize: 256
2023-03-28 16:28:43 DEBUG PooledByteBufAllocator:171 - -Dio.netty.allocator.normalCacheSize: 64
2023-03-28 16:28:43 DEBUG PooledByteBufAllocator:172 - -Dio.netty.allocator.maxCachedBufferCapacity: 32768
2023-03-28 16:28:43 DEBUG PooledByteBufAllocator:173 - -Dio.netty.allocator.cacheTrimInterval: 8192
2023-03-28 16:28:43 DEBUG PooledByteBufAllocator:174 - -Dio.netty.allocator.cacheTrimIntervalMillis: 0
2023-03-28 16:28:43 DEBUG PooledByteBufAllocator:175 - -Dio.netty.allocator.useCacheForAllThreads: false
2023-03-28 16:28:43 DEBUG PooledByteBufAllocator:176 - -Dio.netty.allocator.maxCachedByteBuffersPerChunk: 1023
2023-03-28 16:28:43 DEBUG ByteBufUtil:88 - -Dio.netty.allocator.type: pooled
2023-03-28 16:28:43 DEBUG ByteBufUtil:97 - -Dio.netty.threadLocalDirectBufferSize: 0
2023-03-28 16:28:43 DEBUG ByteBufUtil:100 - -Dio.netty.maxThreadLocalCharBufferSize: 16384
2023-03-28 16:28:44 DEBUG DefaultChannelId:79 - -Dio.netty.processId: 14676 (auto-detected)
2023-03-28 16:28:44 DEBUG NetUtil:142 - -Djava.net.preferIPv4Stack: false
2023-03-28 16:28:44 DEBUG NetUtil:143 - -Djava.net.preferIPv6Addresses: false
2023-03-28 16:28:44 DEBUG NetUtilInitializations:145 - Loopback interface: lo (Software Loopback Interface 1, 127.0.0.1)
2023-03-28 16:28:44 DEBUG NetUtil:200 - Failed to get SOMAXCONN from sysctl and file \proc\sys\net\core\somaxconn. Default: 200
2023-03-28 16:28:44 DEBUG DefaultChannelId:101 - -Dio.netty.machineId: 70:85:c2:ff:fe:a0:ed:d9 (auto-detected)
2023-03-28 16:28:44 DEBUG AbstractByteBuf:63 - -Dio.netty.buffer.checkAccessible: true
2023-03-28 16:28:44 DEBUG AbstractByteBuf:64 - -Dio.netty.buffer.checkBounds: true
2023-03-28 16:28:44 DEBUG ResourceLeakDetectorFactory:196 - Loaded default ResourceLeakDetector: io.netty.util.ResourceLeakDetector@6149e1e2
2023-03-28 16:28:44 DEBUG Recycler:96 - -Dio.netty.recycler.maxCapacityPerThread: 4096
2023-03-28 16:28:44 DEBUG Recycler:97 - -Dio.netty.recycler.ratio: 8
2023-03-28 16:28:44 DEBUG Recycler:98 - -Dio.netty.recycler.chunkSize: 32
2023-03-28 16:28:44 DEBUG Recycler:99 - -Dio.netty.recycler.blocking: false
2023-03-28 16:28:44 DEBUG Recycler:100 - -Dio.netty.recycler.batchFastThreadLocalOnly: true
2023-03-28 16:28:44 DEBUG Brotli:38 - brotli4j not in the classpath; Brotli support will be unavailable.
2023-03-28 16:28:45 DEBUG ThreadLocalRandom:214 - -Dio.netty.initialSeedUniquifier: 0xec7716e047d5ce75
2023-03-28 16:28:49 INFO  eBanking:18 - Url is opened
2023-03-28 16:28:49 INFO  eBanking:21 - Enter username
2023-03-28 16:28:49 INFO  eBanking:24 - Enter password
2023-03-28 16:28:51 INFO  eBanking:30 - Login test passed
2023-03-28 16:31:11 DEBUG InternalLoggerFactory:89 - Using Log4J as the default logging framework
2023-03-28 16:31:11 DEBUG ResourceLeakDetector:129 - -Dio.netty.leakDetection.level: simple
2023-03-28 16:31:11 DEBUG ResourceLeakDetector:130 - -Dio.netty.leakDetection.targetRecords: 4
2023-03-28 16:31:11 DEBUG ResourceLeakDetectorFactory:196 - Loaded default ResourceLeakDetector: io.netty.util.ResourceLeakDetector@a7e2d9d
2023-03-28 16:31:11 DEBUG PlatformDependent0:496 - -Dio.netty.noUnsafe: false
2023-03-28 16:31:11 DEBUG PlatformDependent0:1000 - Java version: 17
2023-03-28 16:31:11 DEBUG PlatformDependent0:137 - sun.misc.Unsafe.theUnsafe: available
2023-03-28 16:31:11 DEBUG PlatformDependent0:161 - sun.misc.Unsafe.copyMemory: available
2023-03-28 16:31:11 DEBUG PlatformDependent0:193 - sun.misc.Unsafe.storeFence: available
2023-03-28 16:31:11 DEBUG PlatformDependent0:236 - java.nio.Buffer.address: available
2023-03-28 16:31:11 DEBUG PlatformDependent0:320 - direct buffer constructor: unavailable: Reflective setAccessible(true) disabled
2023-03-28 16:31:11 DEBUG PlatformDependent0:385 - java.nio.Bits.unaligned: available, true
2023-03-28 16:31:11 DEBUG PlatformDependent0:452 - jdk.internal.misc.Unsafe.allocateUninitializedArray(int): unavailable: class io.netty.util.internal.PlatformDependent0$7 cannot access class jdk.internal.misc.Unsafe (in module java.base) because module java.base does not export jdk.internal.misc to unnamed module @4f7d0008
2023-03-28 16:31:11 DEBUG PlatformDependent0:482 - java.nio.DirectByteBuffer.<init>(long, int): unavailable
2023-03-28 16:31:11 DEBUG PlatformDependent:1159 - sun.misc.Unsafe: available
2023-03-28 16:31:11 DEBUG PlatformDependent:1270 - maxDirectMemory: 4007657472 bytes (maybe)
2023-03-28 16:31:11 DEBUG PlatformDependent:1289 - -Dio.netty.tmpdir: C:\Users\thanh\AppData\Local\Temp (java.io.tmpdir)
2023-03-28 16:31:11 DEBUG PlatformDependent:1368 - -Dio.netty.bitMode: 64 (sun.arch.data.model)
2023-03-28 16:31:11 DEBUG PlatformDependent:1119 - Platform: Windows
2023-03-28 16:31:11 DEBUG PlatformDependent:178 - -Dio.netty.maxDirectMemory: -1 bytes
2023-03-28 16:31:11 DEBUG PlatformDependent:185 - -Dio.netty.uninitializedArrayAllocationThreshold: -1
2023-03-28 16:31:11 DEBUG CleanerJava9:71 - java.nio.ByteBuffer.cleaner(): available
2023-03-28 16:31:11 DEBUG PlatformDependent:205 - -Dio.netty.noPreferDirect: false
2023-03-28 16:31:11 DEBUG PlatformDependent:1010 - org.jctools-core.MpscChunkedArrayQueue: available
2023-03-28 16:31:11 DEBUG InternalThreadLocalMap:100 - -Dio.netty.threadLocalMap.stringBuilder.initialSize: 1024
2023-03-28 16:31:11 DEBUG InternalThreadLocalMap:101 - -Dio.netty.threadLocalMap.stringBuilder.maxSize: 4096
2023-03-28 16:31:12 DEBUG JdkSslContext:83 - Default protocols (JDK): [TLSv1.3, TLSv1.2] 
2023-03-28 16:31:12 DEBUG JdkSslContext:84 - Default cipher suites (JDK): [TLS_ECDHE_ECDSA_WITH_AES_256_GCM_SHA384, TLS_ECDHE_ECDSA_WITH_AES_128_GCM_SHA256, TLS_ECDHE_RSA_WITH_AES_128_GCM_SHA256, TLS_ECDHE_RSA_WITH_AES_256_GCM_SHA384, TLS_ECDHE_RSA_WITH_AES_128_CBC_SHA, TLS_ECDHE_RSA_WITH_AES_256_CBC_SHA, TLS_RSA_WITH_AES_128_GCM_SHA256, TLS_RSA_WITH_AES_128_CBC_SHA, TLS_RSA_WITH_AES_256_CBC_SHA, TLS_AES_128_GCM_SHA256, TLS_AES_256_GCM_SHA384]
2023-03-28 16:31:12 DEBUG GlobalEventExecutor:53 - -Dio.netty.globalEventExecutor.quietPeriodSeconds: 1
2023-03-28 16:31:12 DEBUG MultithreadEventLoopGroup:44 - -Dio.netty.eventLoopThreads: 16
2023-03-28 16:31:12 DEBUG NioEventLoop:110 - -Dio.netty.noKeySetOptimization: false
2023-03-28 16:31:12 DEBUG NioEventLoop:111 - -Dio.netty.selectorAutoRebuildThreshold: 512
2023-03-28 16:31:12 DEBUG PooledByteBufAllocator:157 - -Dio.netty.allocator.numHeapArenas: 16
2023-03-28 16:31:12 DEBUG PooledByteBufAllocator:158 - -Dio.netty.allocator.numDirectArenas: 16
2023-03-28 16:31:12 DEBUG PooledByteBufAllocator:160 - -Dio.netty.allocator.pageSize: 8192
2023-03-28 16:31:12 DEBUG PooledByteBufAllocator:165 - -Dio.netty.allocator.maxOrder: 9
2023-03-28 16:31:12 DEBUG PooledByteBufAllocator:169 - -Dio.netty.allocator.chunkSize: 4194304
2023-03-28 16:31:12 DEBUG PooledByteBufAllocator:170 - -Dio.netty.allocator.smallCacheSize: 256
2023-03-28 16:31:12 DEBUG PooledByteBufAllocator:171 - -Dio.netty.allocator.normalCacheSize: 64
2023-03-28 16:31:12 DEBUG PooledByteBufAllocator:172 - -Dio.netty.allocator.maxCachedBufferCapacity: 32768
2023-03-28 16:31:12 DEBUG PooledByteBufAllocator:173 - -Dio.netty.allocator.cacheTrimInterval: 8192
2023-03-28 16:31:12 DEBUG PooledByteBufAllocator:174 - -Dio.netty.allocator.cacheTrimIntervalMillis: 0
2023-03-28 16:31:12 DEBUG PooledByteBufAllocator:175 - -Dio.netty.allocator.useCacheForAllThreads: false
2023-03-28 16:31:12 DEBUG PooledByteBufAllocator:176 - -Dio.netty.allocator.maxCachedByteBuffersPerChunk: 1023
2023-03-28 16:31:12 DEBUG ByteBufUtil:88 - -Dio.netty.allocator.type: pooled
2023-03-28 16:31:12 DEBUG ByteBufUtil:97 - -Dio.netty.threadLocalDirectBufferSize: 0
2023-03-28 16:31:12 DEBUG ByteBufUtil:100 - -Dio.netty.maxThreadLocalCharBufferSize: 16384
2023-03-28 16:31:12 DEBUG DefaultChannelId:79 - -Dio.netty.processId: 16264 (auto-detected)
2023-03-28 16:31:12 DEBUG NetUtil:142 - -Djava.net.preferIPv4Stack: false
2023-03-28 16:31:12 DEBUG NetUtil:143 - -Djava.net.preferIPv6Addresses: false
2023-03-28 16:31:12 DEBUG NetUtilInitializations:145 - Loopback interface: lo (Software Loopback Interface 1, 127.0.0.1)
2023-03-28 16:31:12 DEBUG NetUtil:200 - Failed to get SOMAXCONN from sysctl and file \proc\sys\net\core\somaxconn. Default: 200
2023-03-28 16:31:12 DEBUG DefaultChannelId:101 - -Dio.netty.machineId: 70:85:c2:ff:fe:a0:ed:d9 (auto-detected)
2023-03-28 16:31:12 DEBUG AbstractByteBuf:63 - -Dio.netty.buffer.checkAccessible: true
2023-03-28 16:31:12 DEBUG AbstractByteBuf:64 - -Dio.netty.buffer.checkBounds: true
2023-03-28 16:31:12 DEBUG ResourceLeakDetectorFactory:196 - Loaded default ResourceLeakDetector: io.netty.util.ResourceLeakDetector@79ec4a1d
2023-03-28 16:31:12 DEBUG Recycler:96 - -Dio.netty.recycler.maxCapacityPerThread: 4096
2023-03-28 16:31:12 DEBUG Recycler:97 - -Dio.netty.recycler.ratio: 8
2023-03-28 16:31:12 DEBUG Recycler:98 - -Dio.netty.recycler.chunkSize: 32
2023-03-28 16:31:12 DEBUG Recycler:99 - -Dio.netty.recycler.blocking: false
2023-03-28 16:31:12 DEBUG Recycler:100 - -Dio.netty.recycler.batchFastThreadLocalOnly: true
2023-03-28 16:31:13 DEBUG Brotli:38 - brotli4j not in the classpath; Brotli support will be unavailable.
2023-03-28 16:31:13 DEBUG ThreadLocalRandom:214 - -Dio.netty.initialSeedUniquifier: 0x3914b3049be6be7f
2023-03-28 16:31:18 INFO  eBanking:18 - Url is opened
2023-03-28 16:31:18 INFO  eBanking:21 - Enter username
2023-03-28 16:31:18 INFO  eBanking:24 - Enter password
2023-03-28 16:31:19 INFO  eBanking:30 - Login test passed
2023-03-29 20:31:55 DEBUG InternalLoggerFactory:89 - Using Log4J as the default logging framework
2023-03-29 20:31:55 DEBUG ResourceLeakDetector:129 - -Dio.netty.leakDetection.level: simple
2023-03-29 20:31:55 DEBUG ResourceLeakDetector:130 - -Dio.netty.leakDetection.targetRecords: 4
2023-03-29 20:31:55 DEBUG ResourceLeakDetectorFactory:196 - Loaded default ResourceLeakDetector: io.netty.util.ResourceLeakDetector@2b52c0d6
2023-03-29 20:31:55 DEBUG PlatformDependent0:496 - -Dio.netty.noUnsafe: false
2023-03-29 20:31:55 DEBUG PlatformDependent0:1000 - Java version: 17
2023-03-29 20:31:55 DEBUG PlatformDependent0:137 - sun.misc.Unsafe.theUnsafe: available
2023-03-29 20:31:55 DEBUG PlatformDependent0:161 - sun.misc.Unsafe.copyMemory: available
2023-03-29 20:31:55 DEBUG PlatformDependent0:193 - sun.misc.Unsafe.storeFence: available
2023-03-29 20:31:55 DEBUG PlatformDependent0:236 - java.nio.Buffer.address: available
2023-03-29 20:31:55 DEBUG PlatformDependent0:320 - direct buffer constructor: unavailable: Reflective setAccessible(true) disabled
2023-03-29 20:31:55 DEBUG PlatformDependent0:385 - java.nio.Bits.unaligned: available, true
2023-03-29 20:31:55 DEBUG PlatformDependent0:452 - jdk.internal.misc.Unsafe.allocateUninitializedArray(int): unavailable: class io.netty.util.internal.PlatformDependent0$7 cannot access class jdk.internal.misc.Unsafe (in module java.base) because module java.base does not export jdk.internal.misc to unnamed module @4f7d0008
2023-03-29 20:31:55 DEBUG PlatformDependent0:482 - java.nio.DirectByteBuffer.<init>(long, int): unavailable
2023-03-29 20:31:55 DEBUG PlatformDependent:1159 - sun.misc.Unsafe: available
2023-03-29 20:31:55 DEBUG PlatformDependent:1270 - maxDirectMemory: 4007657472 bytes (maybe)
2023-03-29 20:31:55 DEBUG PlatformDependent:1289 - -Dio.netty.tmpdir: C:\Users\thanh\AppData\Local\Temp (java.io.tmpdir)
2023-03-29 20:31:55 DEBUG PlatformDependent:1368 - -Dio.netty.bitMode: 64 (sun.arch.data.model)
2023-03-29 20:31:55 DEBUG PlatformDependent:1119 - Platform: Windows
2023-03-29 20:31:55 DEBUG PlatformDependent:178 - -Dio.netty.maxDirectMemory: -1 bytes
2023-03-29 20:31:55 DEBUG PlatformDependent:185 - -Dio.netty.uninitializedArrayAllocationThreshold: -1
2023-03-29 20:31:55 DEBUG CleanerJava9:71 - java.nio.ByteBuffer.cleaner(): available
2023-03-29 20:31:55 DEBUG PlatformDependent:205 - -Dio.netty.noPreferDirect: false
2023-03-29 20:31:55 DEBUG PlatformDependent:1010 - org.jctools-core.MpscChunkedArrayQueue: available
2023-03-29 20:31:55 DEBUG InternalThreadLocalMap:100 - -Dio.netty.threadLocalMap.stringBuilder.initialSize: 1024
2023-03-29 20:31:55 DEBUG InternalThreadLocalMap:101 - -Dio.netty.threadLocalMap.stringBuilder.maxSize: 4096
2023-03-29 20:31:55 DEBUG JdkSslContext:83 - Default protocols (JDK): [TLSv1.3, TLSv1.2] 
2023-03-29 20:31:55 DEBUG JdkSslContext:84 - Default cipher suites (JDK): [TLS_ECDHE_ECDSA_WITH_AES_256_GCM_SHA384, TLS_ECDHE_ECDSA_WITH_AES_128_GCM_SHA256, TLS_ECDHE_RSA_WITH_AES_128_GCM_SHA256, TLS_ECDHE_RSA_WITH_AES_256_GCM_SHA384, TLS_ECDHE_RSA_WITH_AES_128_CBC_SHA, TLS_ECDHE_RSA_WITH_AES_256_CBC_SHA, TLS_RSA_WITH_AES_128_GCM_SHA256, TLS_RSA_WITH_AES_128_CBC_SHA, TLS_RSA_WITH_AES_256_CBC_SHA, TLS_AES_128_GCM_SHA256, TLS_AES_256_GCM_SHA384]
2023-03-29 20:31:55 DEBUG GlobalEventExecutor:53 - -Dio.netty.globalEventExecutor.quietPeriodSeconds: 1
2023-03-29 20:31:56 DEBUG MultithreadEventLoopGroup:44 - -Dio.netty.eventLoopThreads: 16
2023-03-29 20:31:56 DEBUG NioEventLoop:110 - -Dio.netty.noKeySetOptimization: false
2023-03-29 20:31:56 DEBUG NioEventLoop:111 - -Dio.netty.selectorAutoRebuildThreshold: 512
2023-03-29 20:31:56 DEBUG PooledByteBufAllocator:157 - -Dio.netty.allocator.numHeapArenas: 16
2023-03-29 20:31:56 DEBUG PooledByteBufAllocator:158 - -Dio.netty.allocator.numDirectArenas: 16
2023-03-29 20:31:56 DEBUG PooledByteBufAllocator:160 - -Dio.netty.allocator.pageSize: 8192
2023-03-29 20:31:56 DEBUG PooledByteBufAllocator:165 - -Dio.netty.allocator.maxOrder: 9
2023-03-29 20:31:56 DEBUG PooledByteBufAllocator:169 - -Dio.netty.allocator.chunkSize: 4194304
2023-03-29 20:31:56 DEBUG PooledByteBufAllocator:170 - -Dio.netty.allocator.smallCacheSize: 256
2023-03-29 20:31:56 DEBUG PooledByteBufAllocator:171 - -Dio.netty.allocator.normalCacheSize: 64
2023-03-29 20:31:56 DEBUG PooledByteBufAllocator:172 - -Dio.netty.allocator.maxCachedBufferCapacity: 32768
2023-03-29 20:31:56 DEBUG PooledByteBufAllocator:173 - -Dio.netty.allocator.cacheTrimInterval: 8192
2023-03-29 20:31:56 DEBUG PooledByteBufAllocator:174 - -Dio.netty.allocator.cacheTrimIntervalMillis: 0
2023-03-29 20:31:56 DEBUG PooledByteBufAllocator:175 - -Dio.netty.allocator.useCacheForAllThreads: false
2023-03-29 20:31:56 DEBUG PooledByteBufAllocator:176 - -Dio.netty.allocator.maxCachedByteBuffersPerChunk: 1023
2023-03-29 20:31:56 DEBUG ByteBufUtil:88 - -Dio.netty.allocator.type: pooled
2023-03-29 20:31:56 DEBUG ByteBufUtil:97 - -Dio.netty.threadLocalDirectBufferSize: 0
2023-03-29 20:31:56 DEBUG ByteBufUtil:100 - -Dio.netty.maxThreadLocalCharBufferSize: 16384
2023-03-29 20:31:56 DEBUG DefaultChannelId:79 - -Dio.netty.processId: 13592 (auto-detected)
2023-03-29 20:31:56 DEBUG NetUtil:142 - -Djava.net.preferIPv4Stack: false
2023-03-29 20:31:56 DEBUG NetUtil:143 - -Djava.net.preferIPv6Addresses: false
2023-03-29 20:31:56 DEBUG NetUtilInitializations:145 - Loopback interface: lo (Software Loopback Interface 1, 127.0.0.1)
2023-03-29 20:31:56 DEBUG NetUtil:200 - Failed to get SOMAXCONN from sysctl and file \proc\sys\net\core\somaxconn. Default: 200
2023-03-29 20:31:56 DEBUG DefaultChannelId:101 - -Dio.netty.machineId: 70:85:c2:ff:fe:a0:ed:d9 (auto-detected)
2023-03-29 20:31:56 DEBUG AbstractByteBuf:63 - -Dio.netty.buffer.checkAccessible: true
2023-03-29 20:31:56 DEBUG AbstractByteBuf:64 - -Dio.netty.buffer.checkBounds: true
2023-03-29 20:31:56 DEBUG ResourceLeakDetectorFactory:196 - Loaded default ResourceLeakDetector: io.netty.util.ResourceLeakDetector@4553ef97
2023-03-29 20:31:56 DEBUG Recycler:96 - -Dio.netty.recycler.maxCapacityPerThread: 4096
2023-03-29 20:31:56 DEBUG Recycler:97 - -Dio.netty.recycler.ratio: 8
2023-03-29 20:31:56 DEBUG Recycler:98 - -Dio.netty.recycler.chunkSize: 32
2023-03-29 20:31:56 DEBUG Recycler:99 - -Dio.netty.recycler.blocking: false
2023-03-29 20:31:56 DEBUG Recycler:100 - -Dio.netty.recycler.batchFastThreadLocalOnly: true
2023-03-29 20:31:57 DEBUG Brotli:38 - brotli4j not in the classpath; Brotli support will be unavailable.
2023-03-29 20:31:57 DEBUG ThreadLocalRandom:214 - -Dio.netty.initialSeedUniquifier: 0x8543fddfea4a512a
2023-03-29 20:32:25 DEBUG InternalLoggerFactory:89 - Using Log4J as the default logging framework
2023-03-29 20:32:25 DEBUG ResourceLeakDetector:129 - -Dio.netty.leakDetection.level: simple
2023-03-29 20:32:25 DEBUG ResourceLeakDetector:130 - -Dio.netty.leakDetection.targetRecords: 4
2023-03-29 20:32:25 DEBUG ResourceLeakDetectorFactory:196 - Loaded default ResourceLeakDetector: io.netty.util.ResourceLeakDetector@2b52c0d6
2023-03-29 20:32:25 DEBUG PlatformDependent0:496 - -Dio.netty.noUnsafe: false
2023-03-29 20:32:25 DEBUG PlatformDependent0:1000 - Java version: 17
2023-03-29 20:32:25 DEBUG PlatformDependent0:137 - sun.misc.Unsafe.theUnsafe: available
2023-03-29 20:32:25 DEBUG PlatformDependent0:161 - sun.misc.Unsafe.copyMemory: available
2023-03-29 20:32:25 DEBUG PlatformDependent0:193 - sun.misc.Unsafe.storeFence: available
2023-03-29 20:32:25 DEBUG PlatformDependent0:236 - java.nio.Buffer.address: available
2023-03-29 20:32:25 DEBUG PlatformDependent0:320 - direct buffer constructor: unavailable: Reflective setAccessible(true) disabled
2023-03-29 20:32:25 DEBUG PlatformDependent0:385 - java.nio.Bits.unaligned: available, true
2023-03-29 20:32:25 DEBUG PlatformDependent0:452 - jdk.internal.misc.Unsafe.allocateUninitializedArray(int): unavailable: class io.netty.util.internal.PlatformDependent0$7 cannot access class jdk.internal.misc.Unsafe (in module java.base) because module java.base does not export jdk.internal.misc to unnamed module @4f7d0008
2023-03-29 20:32:25 DEBUG PlatformDependent0:482 - java.nio.DirectByteBuffer.<init>(long, int): unavailable
2023-03-29 20:32:25 DEBUG PlatformDependent:1159 - sun.misc.Unsafe: available
2023-03-29 20:32:26 DEBUG PlatformDependent:1270 - maxDirectMemory: 4007657472 bytes (maybe)
2023-03-29 20:32:26 DEBUG PlatformDependent:1289 - -Dio.netty.tmpdir: C:\Users\thanh\AppData\Local\Temp (java.io.tmpdir)
2023-03-29 20:32:26 DEBUG PlatformDependent:1368 - -Dio.netty.bitMode: 64 (sun.arch.data.model)
2023-03-29 20:32:26 DEBUG PlatformDependent:1119 - Platform: Windows
2023-03-29 20:32:26 DEBUG PlatformDependent:178 - -Dio.netty.maxDirectMemory: -1 bytes
2023-03-29 20:32:26 DEBUG PlatformDependent:185 - -Dio.netty.uninitializedArrayAllocationThreshold: -1
2023-03-29 20:32:26 DEBUG CleanerJava9:71 - java.nio.ByteBuffer.cleaner(): available
2023-03-29 20:32:26 DEBUG PlatformDependent:205 - -Dio.netty.noPreferDirect: false
2023-03-29 20:32:26 DEBUG PlatformDependent:1010 - org.jctools-core.MpscChunkedArrayQueue: available
2023-03-29 20:32:26 DEBUG InternalThreadLocalMap:100 - -Dio.netty.threadLocalMap.stringBuilder.initialSize: 1024
2023-03-29 20:32:26 DEBUG InternalThreadLocalMap:101 - -Dio.netty.threadLocalMap.stringBuilder.maxSize: 4096
2023-03-29 20:32:26 DEBUG JdkSslContext:83 - Default protocols (JDK): [TLSv1.3, TLSv1.2] 
2023-03-29 20:32:26 DEBUG JdkSslContext:84 - Default cipher suites (JDK): [TLS_ECDHE_ECDSA_WITH_AES_256_GCM_SHA384, TLS_ECDHE_ECDSA_WITH_AES_128_GCM_SHA256, TLS_ECDHE_RSA_WITH_AES_128_GCM_SHA256, TLS_ECDHE_RSA_WITH_AES_256_GCM_SHA384, TLS_ECDHE_RSA_WITH_AES_128_CBC_SHA, TLS_ECDHE_RSA_WITH_AES_256_CBC_SHA, TLS_RSA_WITH_AES_128_GCM_SHA256, TLS_RSA_WITH_AES_128_CBC_SHA, TLS_RSA_WITH_AES_256_CBC_SHA, TLS_AES_128_GCM_SHA256, TLS_AES_256_GCM_SHA384]
2023-03-29 20:32:26 DEBUG GlobalEventExecutor:53 - -Dio.netty.globalEventExecutor.quietPeriodSeconds: 1
2023-03-29 20:32:26 DEBUG MultithreadEventLoopGroup:44 - -Dio.netty.eventLoopThreads: 16
2023-03-29 20:32:26 DEBUG NioEventLoop:110 - -Dio.netty.noKeySetOptimization: false
2023-03-29 20:32:26 DEBUG NioEventLoop:111 - -Dio.netty.selectorAutoRebuildThreshold: 512
2023-03-29 20:32:26 DEBUG PooledByteBufAllocator:157 - -Dio.netty.allocator.numHeapArenas: 16
2023-03-29 20:32:26 DEBUG PooledByteBufAllocator:158 - -Dio.netty.allocator.numDirectArenas: 16
2023-03-29 20:32:26 DEBUG PooledByteBufAllocator:160 - -Dio.netty.allocator.pageSize: 8192
2023-03-29 20:32:26 DEBUG PooledByteBufAllocator:165 - -Dio.netty.allocator.maxOrder: 9
2023-03-29 20:32:26 DEBUG PooledByteBufAllocator:169 - -Dio.netty.allocator.chunkSize: 4194304
2023-03-29 20:32:26 DEBUG PooledByteBufAllocator:170 - -Dio.netty.allocator.smallCacheSize: 256
2023-03-29 20:32:26 DEBUG PooledByteBufAllocator:171 - -Dio.netty.allocator.normalCacheSize: 64
2023-03-29 20:32:26 DEBUG PooledByteBufAllocator:172 - -Dio.netty.allocator.maxCachedBufferCapacity: 32768
2023-03-29 20:32:26 DEBUG PooledByteBufAllocator:173 - -Dio.netty.allocator.cacheTrimInterval: 8192
2023-03-29 20:32:26 DEBUG PooledByteBufAllocator:174 - -Dio.netty.allocator.cacheTrimIntervalMillis: 0
2023-03-29 20:32:26 DEBUG PooledByteBufAllocator:175 - -Dio.netty.allocator.useCacheForAllThreads: false
2023-03-29 20:32:26 DEBUG PooledByteBufAllocator:176 - -Dio.netty.allocator.maxCachedByteBuffersPerChunk: 1023
2023-03-29 20:32:26 DEBUG ByteBufUtil:88 - -Dio.netty.allocator.type: pooled
2023-03-29 20:32:26 DEBUG ByteBufUtil:97 - -Dio.netty.threadLocalDirectBufferSize: 0
2023-03-29 20:32:26 DEBUG ByteBufUtil:100 - -Dio.netty.maxThreadLocalCharBufferSize: 16384
2023-03-29 20:32:26 DEBUG DefaultChannelId:79 - -Dio.netty.processId: 12320 (auto-detected)
2023-03-29 20:32:26 DEBUG NetUtil:142 - -Djava.net.preferIPv4Stack: false
2023-03-29 20:32:26 DEBUG NetUtil:143 - -Djava.net.preferIPv6Addresses: false
2023-03-29 20:32:26 DEBUG NetUtilInitializations:145 - Loopback interface: lo (Software Loopback Interface 1, 127.0.0.1)
2023-03-29 20:32:26 DEBUG NetUtil:200 - Failed to get SOMAXCONN from sysctl and file \proc\sys\net\core\somaxconn. Default: 200
2023-03-29 20:32:26 DEBUG DefaultChannelId:101 - -Dio.netty.machineId: 70:85:c2:ff:fe:a0:ed:d9 (auto-detected)
2023-03-29 20:32:26 DEBUG AbstractByteBuf:63 - -Dio.netty.buffer.checkAccessible: true
2023-03-29 20:32:26 DEBUG AbstractByteBuf:64 - -Dio.netty.buffer.checkBounds: true
2023-03-29 20:32:26 DEBUG ResourceLeakDetectorFactory:196 - Loaded default ResourceLeakDetector: io.netty.util.ResourceLeakDetector@592c2e4a
2023-03-29 20:32:26 DEBUG Recycler:96 - -Dio.netty.recycler.maxCapacityPerThread: 4096
2023-03-29 20:32:26 DEBUG Recycler:97 - -Dio.netty.recycler.ratio: 8
2023-03-29 20:32:26 DEBUG Recycler:98 - -Dio.netty.recycler.chunkSize: 32
2023-03-29 20:32:26 DEBUG Recycler:99 - -Dio.netty.recycler.blocking: false
2023-03-29 20:32:26 DEBUG Recycler:100 - -Dio.netty.recycler.batchFastThreadLocalOnly: true
2023-03-29 20:32:27 DEBUG Brotli:38 - brotli4j not in the classpath; Brotli support will be unavailable.
2023-03-29 20:32:27 DEBUG ThreadLocalRandom:214 - -Dio.netty.initialSeedUniquifier: 0x959bd5272d0b573c
2023-03-29 20:32:42 INFO  eBanking:20 - Url is opened
2023-03-29 20:32:42 INFO  eBanking:23 - Enter username
2023-03-29 20:32:42 INFO  eBanking:26 - Enter password
2023-03-29 20:37:06 DEBUG InternalLoggerFactory:89 - Using Log4J as the default logging framework
2023-03-29 20:37:06 DEBUG ResourceLeakDetector:129 - -Dio.netty.leakDetection.level: simple
2023-03-29 20:37:06 DEBUG ResourceLeakDetector:130 - -Dio.netty.leakDetection.targetRecords: 4
2023-03-29 20:37:06 DEBUG ResourceLeakDetectorFactory:196 - Loaded default ResourceLeakDetector: io.netty.util.ResourceLeakDetector@2b52c0d6
2023-03-29 20:37:06 DEBUG PlatformDependent0:496 - -Dio.netty.noUnsafe: false
2023-03-29 20:37:06 DEBUG PlatformDependent0:1000 - Java version: 17
2023-03-29 20:37:06 DEBUG PlatformDependent0:137 - sun.misc.Unsafe.theUnsafe: available
2023-03-29 20:37:06 DEBUG PlatformDependent0:161 - sun.misc.Unsafe.copyMemory: available
2023-03-29 20:37:06 DEBUG PlatformDependent0:193 - sun.misc.Unsafe.storeFence: available
2023-03-29 20:37:06 DEBUG PlatformDependent0:236 - java.nio.Buffer.address: available
2023-03-29 20:37:06 DEBUG PlatformDependent0:320 - direct buffer constructor: unavailable: Reflective setAccessible(true) disabled
2023-03-29 20:37:06 DEBUG PlatformDependent0:385 - java.nio.Bits.unaligned: available, true
2023-03-29 20:37:06 DEBUG PlatformDependent0:452 - jdk.internal.misc.Unsafe.allocateUninitializedArray(int): unavailable: class io.netty.util.internal.PlatformDependent0$7 cannot access class jdk.internal.misc.Unsafe (in module java.base) because module java.base does not export jdk.internal.misc to unnamed module @4f7d0008
2023-03-29 20:37:06 DEBUG PlatformDependent0:482 - java.nio.DirectByteBuffer.<init>(long, int): unavailable
2023-03-29 20:37:06 DEBUG PlatformDependent:1159 - sun.misc.Unsafe: available
2023-03-29 20:37:06 DEBUG PlatformDependent:1270 - maxDirectMemory: 4007657472 bytes (maybe)
2023-03-29 20:37:06 DEBUG PlatformDependent:1289 - -Dio.netty.tmpdir: C:\Users\thanh\AppData\Local\Temp (java.io.tmpdir)
2023-03-29 20:37:06 DEBUG PlatformDependent:1368 - -Dio.netty.bitMode: 64 (sun.arch.data.model)
2023-03-29 20:37:06 DEBUG PlatformDependent:1119 - Platform: Windows
2023-03-29 20:37:06 DEBUG PlatformDependent:178 - -Dio.netty.maxDirectMemory: -1 bytes
2023-03-29 20:37:06 DEBUG PlatformDependent:185 - -Dio.netty.uninitializedArrayAllocationThreshold: -1
2023-03-29 20:37:06 DEBUG CleanerJava9:71 - java.nio.ByteBuffer.cleaner(): available
2023-03-29 20:37:06 DEBUG PlatformDependent:205 - -Dio.netty.noPreferDirect: false
2023-03-29 20:37:06 DEBUG PlatformDependent:1010 - org.jctools-core.MpscChunkedArrayQueue: available
2023-03-29 20:37:06 DEBUG InternalThreadLocalMap:100 - -Dio.netty.threadLocalMap.stringBuilder.initialSize: 1024
2023-03-29 20:37:06 DEBUG InternalThreadLocalMap:101 - -Dio.netty.threadLocalMap.stringBuilder.maxSize: 4096
2023-03-29 20:37:06 DEBUG JdkSslContext:83 - Default protocols (JDK): [TLSv1.3, TLSv1.2] 
2023-03-29 20:37:06 DEBUG JdkSslContext:84 - Default cipher suites (JDK): [TLS_ECDHE_ECDSA_WITH_AES_256_GCM_SHA384, TLS_ECDHE_ECDSA_WITH_AES_128_GCM_SHA256, TLS_ECDHE_RSA_WITH_AES_128_GCM_SHA256, TLS_ECDHE_RSA_WITH_AES_256_GCM_SHA384, TLS_ECDHE_RSA_WITH_AES_128_CBC_SHA, TLS_ECDHE_RSA_WITH_AES_256_CBC_SHA, TLS_RSA_WITH_AES_128_GCM_SHA256, TLS_RSA_WITH_AES_128_CBC_SHA, TLS_RSA_WITH_AES_256_CBC_SHA, TLS_AES_128_GCM_SHA256, TLS_AES_256_GCM_SHA384]
2023-03-29 20:37:06 DEBUG GlobalEventExecutor:53 - -Dio.netty.globalEventExecutor.quietPeriodSeconds: 1
2023-03-29 20:37:06 DEBUG MultithreadEventLoopGroup:44 - -Dio.netty.eventLoopThreads: 16
2023-03-29 20:37:06 DEBUG NioEventLoop:110 - -Dio.netty.noKeySetOptimization: false
2023-03-29 20:37:06 DEBUG NioEventLoop:111 - -Dio.netty.selectorAutoRebuildThreshold: 512
2023-03-29 20:37:06 DEBUG PooledByteBufAllocator:157 - -Dio.netty.allocator.numHeapArenas: 16
2023-03-29 20:37:06 DEBUG PooledByteBufAllocator:158 - -Dio.netty.allocator.numDirectArenas: 16
2023-03-29 20:37:06 DEBUG PooledByteBufAllocator:160 - -Dio.netty.allocator.pageSize: 8192
2023-03-29 20:37:06 DEBUG PooledByteBufAllocator:165 - -Dio.netty.allocator.maxOrder: 9
2023-03-29 20:37:06 DEBUG PooledByteBufAllocator:169 - -Dio.netty.allocator.chunkSize: 4194304
2023-03-29 20:37:06 DEBUG PooledByteBufAllocator:170 - -Dio.netty.allocator.smallCacheSize: 256
2023-03-29 20:37:06 DEBUG PooledByteBufAllocator:171 - -Dio.netty.allocator.normalCacheSize: 64
2023-03-29 20:37:06 DEBUG PooledByteBufAllocator:172 - -Dio.netty.allocator.maxCachedBufferCapacity: 32768
2023-03-29 20:37:06 DEBUG PooledByteBufAllocator:173 - -Dio.netty.allocator.cacheTrimInterval: 8192
2023-03-29 20:37:06 DEBUG PooledByteBufAllocator:174 - -Dio.netty.allocator.cacheTrimIntervalMillis: 0
2023-03-29 20:37:06 DEBUG PooledByteBufAllocator:175 - -Dio.netty.allocator.useCacheForAllThreads: false
2023-03-29 20:37:06 DEBUG PooledByteBufAllocator:176 - -Dio.netty.allocator.maxCachedByteBuffersPerChunk: 1023
2023-03-29 20:37:06 DEBUG ByteBufUtil:88 - -Dio.netty.allocator.type: pooled
2023-03-29 20:37:06 DEBUG ByteBufUtil:97 - -Dio.netty.threadLocalDirectBufferSize: 0
2023-03-29 20:37:06 DEBUG ByteBufUtil:100 - -Dio.netty.maxThreadLocalCharBufferSize: 16384
2023-03-29 20:37:06 DEBUG DefaultChannelId:79 - -Dio.netty.processId: 14324 (auto-detected)
2023-03-29 20:37:06 DEBUG NetUtil:142 - -Djava.net.preferIPv4Stack: false
2023-03-29 20:37:06 DEBUG NetUtil:143 - -Djava.net.preferIPv6Addresses: false
2023-03-29 20:37:06 DEBUG NetUtilInitializations:145 - Loopback interface: lo (Software Loopback Interface 1, 127.0.0.1)
2023-03-29 20:37:06 DEBUG NetUtil:200 - Failed to get SOMAXCONN from sysctl and file \proc\sys\net\core\somaxconn. Default: 200
2023-03-29 20:37:06 DEBUG DefaultChannelId:101 - -Dio.netty.machineId: 70:85:c2:ff:fe:a0:ed:d9 (auto-detected)
2023-03-29 20:37:06 DEBUG AbstractByteBuf:63 - -Dio.netty.buffer.checkAccessible: true
2023-03-29 20:37:06 DEBUG AbstractByteBuf:64 - -Dio.netty.buffer.checkBounds: true
2023-03-29 20:37:06 DEBUG ResourceLeakDetectorFactory:196 - Loaded default ResourceLeakDetector: io.netty.util.ResourceLeakDetector@4334f4c2
2023-03-29 20:37:06 DEBUG Recycler:96 - -Dio.netty.recycler.maxCapacityPerThread: 4096
2023-03-29 20:37:06 DEBUG Recycler:97 - -Dio.netty.recycler.ratio: 8
2023-03-29 20:37:06 DEBUG Recycler:98 - -Dio.netty.recycler.chunkSize: 32
2023-03-29 20:37:06 DEBUG Recycler:99 - -Dio.netty.recycler.blocking: false
2023-03-29 20:37:06 DEBUG Recycler:100 - -Dio.netty.recycler.batchFastThreadLocalOnly: true
2023-03-29 20:37:07 DEBUG Brotli:38 - brotli4j not in the classpath; Brotli support will be unavailable.
2023-03-29 20:37:07 DEBUG ThreadLocalRandom:214 - -Dio.netty.initialSeedUniquifier: 0x9a4864fe015c858d
2023-03-29 20:37:12 INFO  eBanking:20 - Url is opened
2023-03-29 20:37:13 INFO  eBanking:23 - Enter username
2023-03-29 20:37:13 INFO  eBanking:26 - Enter password
2023-03-29 20:37:14 INFO  eBanking:32 - Login test passed
2023-03-30 20:22:00 INFO  eBanking:20 - Url is opened
2023-03-30 20:22:00 INFO  eBanking:23 - Enter username
2023-03-30 20:22:00 INFO  eBanking:26 - Enter password
2023-03-30 20:22:02 INFO  eBanking:32 - Login test passed
2023-03-30 21:06:17 INFO  eBanking:20 - User name provided
2023-03-30 21:06:17 INFO  eBanking:23 - password provided
2023-03-30 21:06:26 WARN  eBanking:38 - Login Passed
2023-03-30 21:06:33 INFO  eBanking:20 - User name provided
2023-03-30 21:06:34 INFO  eBanking:23 - password provided
2023-03-30 21:06:43 INFO  eBanking:20 - User name provided
2023-03-30 21:06:43 INFO  eBanking:23 - password provided
2023-03-30 21:06:56 INFO  eBanking:20 - User name provided
2023-03-30 21:06:56 INFO  eBanking:23 - password provided
2023-03-30 21:07:05 WARN  eBanking:38 - Login Passed
2023-03-30 21:09:59 INFO  eBanking:20 - User name provided
2023-03-30 21:09:59 INFO  eBanking:23 - password provided
2023-03-30 21:10:20 WARN  eBanking:38 - Login Passed
2023-03-30 21:10:29 INFO  eBanking:20 - User name provided
2023-03-30 21:10:29 INFO  eBanking:23 - password provided
2023-03-30 21:10:38 INFO  eBanking:20 - User name provided
2023-03-30 21:10:38 INFO  eBanking:23 - password provided
2023-03-30 21:10:49 INFO  eBanking:20 - User name provided
2023-03-30 21:10:49 INFO  eBanking:23 - password provided
2023-03-30 21:10:59 WARN  eBanking:38 - Login Passed
2023-03-30 21:15:51 INFO  eBanking:21 - User name provided
2023-03-30 21:15:51 INFO  eBanking:24 - password provided
2023-03-30 21:15:57 WARN  eBanking:40 - Login Passed
2023-03-30 21:16:08 INFO  eBanking:21 - User name provided
2023-03-30 21:16:08 INFO  eBanking:24 - password provided
2023-03-30 21:16:17 INFO  eBanking:21 - User name provided
2023-03-30 21:16:17 INFO  eBanking:24 - password provided
2023-03-30 21:18:11 INFO  eBanking:21 - User name provided
2023-03-30 21:18:11 INFO  eBanking:24 - password provided
2023-03-30 21:18:16 WARN  eBanking:40 - Login Passed
2023-03-31 08:53:24 INFO  eBanking:15 - User name is provided
2023-03-31 08:53:24 INFO  eBanking:18 - Password is provided
2023-03-31 08:53:28 INFO  eBanking:26 - Providing customer details...
2023-03-31 08:53:38 INFO  eBanking:45 - Validation started...
2023-03-31 08:55:50 INFO  eBanking:15 - User name is provided
2023-03-31 08:55:51 INFO  eBanking:18 - Password is provided
2023-03-31 08:55:56 INFO  eBanking:26 - Providing customer details...
2023-03-31 08:56:06 INFO  eBanking:45 - Validation started...
2023-03-31 08:56:55 INFO  eBanking:15 - User name is provided
2023-03-31 08:56:55 INFO  eBanking:18 - Password is provided
2023-03-31 08:56:59 INFO  eBanking:26 - Providing customer details...
2023-03-31 08:57:09 INFO  eBanking:45 - Validation started...
2023-03-31 08:58:17 INFO  eBanking:15 - User name is provided
2023-03-31 08:58:18 INFO  eBanking:18 - Password is provided
2023-03-31 08:58:22 INFO  eBanking:26 - Providing customer details...
2023-03-31 08:58:32 INFO  eBanking:45 - Validation started...
2023-03-31 08:59:04 INFO  eBanking:15 - User name is provided
2023-03-31 08:59:04 INFO  eBanking:18 - Password is provided
2023-03-31 08:59:09 INFO  eBanking:26 - Providing customer details...
2023-03-31 08:59:20 INFO  eBanking:45 - Validation started...
2023-03-31 09:09:28 INFO  eBanking:20 - Url is opened
2023-03-31 09:09:28 INFO  eBanking:23 - Enter username
2023-03-31 09:09:28 INFO  eBanking:26 - Enter password
2023-03-31 09:09:30 INFO  eBanking:32 - Login test passed
2023-03-31 09:09:36 INFO  eBanking:21 - User name provided
2023-03-31 09:09:36 INFO  eBanking:24 - password provided
2023-03-31 09:09:40 WARN  eBanking:40 - Login Passed
2023-03-31 09:09:46 INFO  eBanking:21 - User name provided
2023-03-31 09:09:46 INFO  eBanking:24 - password provided
2023-03-31 09:09:52 INFO  eBanking:21 - User name provided
2023-03-31 09:09:53 INFO  eBanking:24 - password provided
2023-03-31 09:09:58 INFO  eBanking:21 - User name provided
2023-03-31 09:09:58 INFO  eBanking:24 - password provided
2023-03-31 09:10:03 WARN  eBanking:40 - Login Passed
2023-03-31 09:10:14 INFO  eBanking:15 - User name is provided
2023-03-31 09:10:14 INFO  eBanking:18 - Password is provided
2023-03-31 09:10:19 INFO  eBanking:26 - Providing customer details...
2023-03-31 09:10:31 INFO  eBanking:45 - Validation started...
2023-03-31 09:14:39 INFO  eBanking:21 - User name provided
2023-03-31 09:14:40 INFO  eBanking:24 - password provided
2023-03-31 09:14:45 INFO  eBanking:21 - User name provided
2023-03-31 09:14:45 INFO  eBanking:24 - password provided
2023-03-31 09:14:57 INFO  eBanking:15 - User name is provided
2023-03-31 09:14:57 INFO  eBanking:18 - Password is provided
2023-03-31 09:15:02 INFO  eBanking:26 - Providing customer details...
2023-03-31 09:15:14 INFO  eBanking:45 - Validation started...
2023-03-31 09:39:43 INFO  eBanking:20 - Url is opened
2023-03-31 09:39:43 INFO  eBanking:23 - Enter username
2023-03-31 09:39:43 INFO  eBanking:26 - Enter password
2023-03-31 09:39:45 INFO  eBanking:32 - Login test passed
2023-03-31 09:40:43 INFO  eBanking:20 - Url is opened
2023-03-31 09:40:43 INFO  eBanking:23 - Enter username
2023-03-31 09:40:43 INFO  eBanking:26 - Enter password
2023-03-31 09:40:45 INFO  eBanking:32 - Login test passed
2023-03-31 17:49:13 INFO  eBanking:20 - Url is opened
2023-03-31 17:49:13 INFO  eBanking:23 - Enter username
2023-03-31 17:49:13 INFO  eBanking:26 - Enter password
2023-03-31 17:49:14 INFO  eBanking:32 - Login test passed
2023-03-31 17:50:31 INFO  eBanking:20 - Url is opened
2023-03-31 17:50:31 INFO  eBanking:23 - Enter username
2023-03-31 17:50:31 INFO  eBanking:26 - Enter password
2023-03-31 17:50:32 INFO  eBanking:32 - Login test passed
2023-03-31 17:50:40 INFO  eBanking:21 - User name provided
2023-03-31 17:50:40 INFO  eBanking:24 - password provided
2023-03-31 17:50:44 WARN  eBanking:40 - Login Passed
2023-03-31 17:50:50 INFO  eBanking:21 - User name provided
2023-03-31 17:50:51 INFO  eBanking:24 - password provided
2023-03-31 17:50:56 INFO  eBanking:21 - User name provided
2023-03-31 17:50:56 INFO  eBanking:24 - password provided
2023-03-31 17:51:02 INFO  eBanking:21 - User name provided
2023-03-31 17:51:02 INFO  eBanking:24 - password provided
2023-03-31 17:51:06 WARN  eBanking:40 - Login Passed
2023-03-31 17:51:17 INFO  eBanking:15 - User name is provided
2023-03-31 17:51:17 INFO  eBanking:18 - Password is provided
2023-03-31 17:51:21 INFO  eBanking:26 - Providing customer details...
2023-03-31 17:54:08 INFO  eBanking:20 - Url is opened
2023-03-31 17:54:08 INFO  eBanking:23 - Enter username
2023-03-31 17:54:08 INFO  eBanking:26 - Enter password
2023-03-31 17:54:09 INFO  eBanking:32 - Login test passed
2023-03-31 17:54:15 INFO  eBanking:21 - User name provided
2023-03-31 17:54:15 INFO  eBanking:24 - password provided
2023-03-31 17:54:20 WARN  eBanking:40 - Login Passed
2023-03-31 17:54:25 INFO  eBanking:21 - User name provided
2023-03-31 17:54:25 INFO  eBanking:24 - password provided
2023-03-31 17:54:31 INFO  eBanking:21 - User name provided
2023-03-31 17:54:31 INFO  eBanking:24 - password provided
2023-03-31 17:54:36 INFO  eBanking:21 - User name provided
2023-03-31 17:54:36 INFO  eBanking:24 - password provided
2023-03-31 17:54:41 WARN  eBanking:40 - Login Passed
2023-03-31 17:54:52 INFO  eBanking:15 - User name is provided
2023-03-31 17:54:52 INFO  eBanking:18 - Password is provided
2023-03-31 17:54:56 INFO  eBanking:26 - Providing customer details...
2023-03-31 17:55:08 INFO  eBanking:45 - Validation started...
2023-03-31 18:01:34 INFO  eBanking:20 - Url is opened
2023-03-31 18:01:35 INFO  eBanking:23 - Enter username
2023-03-31 18:01:35 INFO  eBanking:26 - Enter password
2023-03-31 18:01:36 INFO  eBanking:32 - Login test passed
2023-03-31 18:01:42 INFO  eBanking:21 - User name provided
2023-03-31 18:01:42 INFO  eBanking:24 - password provided
2023-03-31 18:01:46 WARN  eBanking:40 - Login Passed
2023-03-31 18:01:52 INFO  eBanking:21 - User name provided
2023-03-31 18:01:52 INFO  eBanking:24 - password provided
2023-03-31 18:01:58 INFO  eBanking:21 - User name provided
2023-03-31 18:01:58 INFO  eBanking:24 - password provided
2023-03-31 18:02:03 INFO  eBanking:21 - User name provided
2023-03-31 18:02:04 INFO  eBanking:24 - password provided
2023-03-31 18:02:08 WARN  eBanking:40 - Login Passed
2023-03-31 18:02:20 INFO  eBanking:15 - User name is provided
2023-03-31 18:02:20 INFO  eBanking:18 - Password is provided
2023-03-31 18:02:25 INFO  eBanking:26 - Providing customer details...
2023-03-31 18:03:12 INFO  eBanking:20 - Url is opened
2023-03-31 18:03:12 INFO  eBanking:23 - Enter username
2023-03-31 18:03:12 INFO  eBanking:26 - Enter password
2023-03-31 18:03:14 INFO  eBanking:32 - Login test passed
2023-03-31 18:03:23 INFO  eBanking:21 - User name provided
2023-03-31 18:03:23 INFO  eBanking:24 - password provided
2023-03-31 18:03:27 WARN  eBanking:40 - Login Passed
2023-03-31 18:03:33 INFO  eBanking:21 - User name provided
2023-03-31 18:03:33 INFO  eBanking:24 - password provided
2023-03-31 18:03:39 INFO  eBanking:21 - User name provided
2023-03-31 18:03:39 INFO  eBanking:24 - password provided
2023-03-31 18:03:45 INFO  eBanking:21 - User name provided
2023-03-31 18:03:45 INFO  eBanking:24 - password provided
2023-03-31 18:03:49 WARN  eBanking:40 - Login Passed
2023-03-31 18:04:23 INFO  eBanking:15 - User name is provided
2023-03-31 18:04:24 INFO  eBanking:18 - Password is provided
2023-03-31 18:04:28 INFO  eBanking:26 - Providing customer details...
2023-03-31 18:04:40 INFO  eBanking:45 - Validation started...
2023-04-01 10:22:54 INFO  eBanking:20 - Url is opened
2023-04-01 10:22:54 INFO  eBanking:23 - Enter username
2023-04-01 10:22:54 INFO  eBanking:26 - Enter password
2023-04-01 10:22:56 INFO  eBanking:32 - Login test passed
2023-04-01 10:23:02 INFO  eBanking:21 - User name provided
2023-04-01 10:23:02 INFO  eBanking:24 - password provided
2023-04-01 10:23:06 WARN  eBanking:40 - Login Passed
2023-04-01 10:23:12 INFO  eBanking:21 - User name provided
2023-04-01 10:23:12 INFO  eBanking:24 - password provided
2023-04-01 10:23:18 INFO  eBanking:21 - User name provided
2023-04-01 10:23:18 INFO  eBanking:24 - password provided
2023-04-01 10:23:23 INFO  eBanking:21 - User name provided
2023-04-01 10:23:24 INFO  eBanking:24 - password provided
2023-04-01 10:23:29 WARN  eBanking:40 - Login Passed
2023-04-01 10:23:40 INFO  eBanking:15 - User name is provided
2023-04-01 10:23:40 INFO  eBanking:18 - Password is provided
2023-04-01 10:23:45 INFO  eBanking:26 - Providing customer details...
2023-04-01 18:19:07 INFO  eBanking:20 - Url is opened
2023-04-01 18:19:08 INFO  eBanking:23 - Enter username
2023-04-01 18:19:08 INFO  eBanking:26 - Enter password
2023-04-01 18:19:09 INFO  eBanking:32 - Login test passed
2023-04-01 19:35:18 INFO  eBanking:20 - Url is opened
2023-04-01 19:35:18 INFO  eBanking:23 - Enter username
2023-04-01 19:35:18 INFO  eBanking:26 - Enter password
2023-04-01 19:35:19 INFO  eBanking:32 - Login test passed
2023-04-01 19:35:25 INFO  eBanking:21 - User name provided
2023-04-01 19:35:25 INFO  eBanking:24 - password provided
2023-04-01 19:35:30 WARN  eBanking:40 - Login Passed
2023-04-01 19:35:35 INFO  eBanking:21 - User name provided
2023-04-01 19:35:35 INFO  eBanking:24 - password provided
2023-04-01 19:35:41 INFO  eBanking:21 - User name provided
2023-04-01 19:35:41 INFO  eBanking:24 - password provided
2023-04-01 19:35:47 INFO  eBanking:21 - User name provided
2023-04-01 19:35:47 INFO  eBanking:24 - password provided
2023-04-01 19:35:51 WARN  eBanking:40 - Login Passed
2023-04-01 19:36:02 INFO  eBanking:15 - User name is provided
2023-04-01 19:36:02 INFO  eBanking:18 - Password is provided
2023-04-01 19:36:07 INFO  eBanking:26 - Providing customer details...
2023-04-01 22:27:09 INFO  eBanking:20 - Url is opened
2023-04-01 22:27:09 INFO  eBanking:23 - Enter username
2023-04-01 22:27:09 INFO  eBanking:26 - Enter password
2023-04-01 22:27:10 INFO  eBanking:32 - Login test passed
2023-04-01 22:27:17 INFO  eBanking:21 - User name provided
2023-04-01 22:27:18 INFO  eBanking:24 - password provided
2023-04-01 22:27:22 WARN  eBanking:40 - Login Passed
2023-04-01 22:27:28 INFO  eBanking:21 - User name provided
2023-04-01 22:27:29 INFO  eBanking:24 - password provided
2023-04-01 22:27:35 INFO  eBanking:21 - User name provided
2023-04-01 22:27:35 INFO  eBanking:24 - password provided
2023-04-01 22:27:40 INFO  eBanking:21 - User name provided
2023-04-01 22:27:40 INFO  eBanking:24 - password provided
2023-04-01 22:27:44 WARN  eBanking:40 - Login Passed
2023-04-01 22:27:59 INFO  eBanking:15 - User name is provided
2023-04-01 22:27:59 INFO  eBanking:18 - Password is provided
2023-04-01 22:28:04 INFO  eBanking:26 - Providing customer details...
2023-04-03 08:21:54 INFO  eBanking:20 - Url is opened
2023-04-03 08:21:54 INFO  eBanking:23 - Enter username
2023-04-03 08:21:54 INFO  eBanking:26 - Enter password
2023-04-03 08:21:56 INFO  eBanking:32 - Login test passed
2023-04-03 08:25:48 INFO  eBanking:20 - Url is opened
2023-04-03 08:25:48 INFO  eBanking:23 - Enter username
2023-04-03 08:25:49 INFO  eBanking:26 - Enter password
2023-04-03 08:25:50 INFO  eBanking:32 - Login test passed
2023-04-03 08:26:46 INFO  eBanking:20 - Url is opened
2023-04-03 08:26:46 INFO  eBanking:23 - Enter username
2023-04-03 08:26:46 INFO  eBanking:26 - Enter password
2023-04-03 08:26:48 INFO  eBanking:32 - Login test passed
